<!DOCTYPE html>
<html>
  <head>
    <meta charset="utf-8"/>
    <title id="head-title">report.html</title>
      <style type="text/css">body {
  font-family: Helvetica, Arial, sans-serif;
  font-size: 12px;
  /* do not increase min-width as some may use split screens */
  min-width: 800px;
  color: #999;
}

h1 {
  font-size: 24px;
  color: black;
}

h2 {
  font-size: 16px;
  color: black;
}

p {
  color: black;
}

a {
  color: #999;
}

table {
  border-collapse: collapse;
}

/******************************
 * SUMMARY INFORMATION
 ******************************/
#environment td {
  padding: 5px;
  border: 1px solid #e6e6e6;
  vertical-align: top;
}
#environment tr:nth-child(odd) {
  background-color: #f6f6f6;
}
#environment ul {
  margin: 0;
  padding: 0 20px;
}

/******************************
 * TEST RESULT COLORS
 ******************************/
span.passed,
.passed .col-result {
  color: green;
}

span.skipped,
span.xfailed,
span.rerun,
.skipped .col-result,
.xfailed .col-result,
.rerun .col-result {
  color: orange;
}

span.error,
span.failed,
span.xpassed,
.error .col-result,
.failed .col-result,
.xpassed .col-result {
  color: red;
}

.col-links__extra {
  margin-right: 3px;
}

/******************************
 * RESULTS TABLE
 *
 * 1. Table Layout
 * 2. Extra
 * 3. Sorting items
 *
 ******************************/
/*------------------
 * 1. Table Layout
 *------------------*/
#results-table {
  border: 1px solid #e6e6e6;
  color: #999;
  font-size: 12px;
  width: 100%;
}
#results-table th,
#results-table td {
  padding: 5px;
  border: 1px solid #e6e6e6;
  text-align: left;
}
#results-table th {
  font-weight: bold;
}

/*------------------
 * 2. Extra
 *------------------*/
.logwrapper {
  max-height: 230px;
  overflow-y: scroll;
  background-color: #e6e6e6;
}
.logwrapper.expanded {
  max-height: none;
}
.logwrapper.expanded .logexpander:after {
  content: "collapse [-]";
}
.logwrapper .logexpander {
  z-index: 1;
  position: sticky;
  top: 10px;
  width: max-content;
  border: 1px solid;
  border-radius: 3px;
  padding: 5px 7px;
  margin: 10px 0 10px calc(100% - 80px);
  cursor: pointer;
  background-color: #e6e6e6;
}
.logwrapper .logexpander:after {
  content: "expand [+]";
}
.logwrapper .logexpander:hover {
  color: #000;
  border-color: #000;
}
.logwrapper .log {
  min-height: 40px;
  position: relative;
  top: -50px;
  height: calc(100% + 50px);
  border: 1px solid #e6e6e6;
  color: black;
  display: block;
  font-family: "Courier New", Courier, monospace;
  padding: 5px;
  padding-right: 80px;
  white-space: pre-wrap;
}

div.media {
  border: 1px solid #e6e6e6;
  float: right;
  height: 240px;
  margin: 0 5px;
  overflow: hidden;
  width: 320px;
}

.media-container {
  display: grid;
  grid-template-columns: 25px auto 25px;
  align-items: center;
  flex: 1 1;
  overflow: hidden;
  height: 200px;
}

.media-container--fullscreen {
  grid-template-columns: 0px auto 0px;
}

.media-container__nav--right,
.media-container__nav--left {
  text-align: center;
  cursor: pointer;
}

.media-container__viewport {
  cursor: pointer;
  text-align: center;
  height: inherit;
}
.media-container__viewport img,
.media-container__viewport video {
  object-fit: cover;
  width: 100%;
  max-height: 100%;
}

.media__name,
.media__counter {
  display: flex;
  flex-direction: row;
  justify-content: space-around;
  flex: 0 0 25px;
  align-items: center;
}

.collapsible td:not(.col-links) {
  cursor: pointer;
}
.collapsible td:not(.col-links):hover::after {
  color: #bbb;
  font-style: italic;
  cursor: pointer;
}

.col-result {
  width: 130px;
}
.col-result:hover::after {
  content: " (hide details)";
}

.col-result.collapsed:hover::after {
  content: " (show details)";
}

#environment-header h2:hover::after {
  content: " (hide details)";
  color: #bbb;
  font-style: italic;
  cursor: pointer;
  font-size: 12px;
}

#environment-header.collapsed h2:hover::after {
  content: " (show details)";
  color: #bbb;
  font-style: italic;
  cursor: pointer;
  font-size: 12px;
}

/*------------------
 * 3. Sorting items
 *------------------*/
.sortable {
  cursor: pointer;
}
.sortable.desc:after {
  content: " ";
  position: relative;
  left: 5px;
  bottom: -12.5px;
  border: 10px solid #4caf50;
  border-bottom: 0;
  border-left-color: transparent;
  border-right-color: transparent;
}
.sortable.asc:after {
  content: " ";
  position: relative;
  left: 5px;
  bottom: 12.5px;
  border: 10px solid #4caf50;
  border-top: 0;
  border-left-color: transparent;
  border-right-color: transparent;
}

.hidden, .summary__reload__button.hidden {
  display: none;
}

.summary__data {
  flex: 0 0 550px;
}
.summary__reload {
  flex: 1 1;
  display: flex;
  justify-content: center;
}
.summary__reload__button {
  flex: 0 0 300px;
  display: flex;
  color: white;
  font-weight: bold;
  background-color: #4caf50;
  text-align: center;
  justify-content: center;
  align-items: center;
  border-radius: 3px;
  cursor: pointer;
}
.summary__reload__button:hover {
  background-color: #46a049;
}
.summary__spacer {
  flex: 0 0 550px;
}

.controls {
  display: flex;
  justify-content: space-between;
}

.filters,
.collapse {
  display: flex;
  align-items: center;
}
.filters button,
.collapse button {
  color: #999;
  border: none;
  background: none;
  cursor: pointer;
  text-decoration: underline;
}
.filters button:hover,
.collapse button:hover {
  color: #ccc;
}

.filter__label {
  margin-right: 10px;
}

      </style>
    
  </head>
  <body>
    <h1 id="title">report.html</h1>
    <p>Report generated on 10-Nov-2025 at 14:43:45 by <a href="https://pypi.python.org/pypi/pytest-html">pytest-html</a>
        v4.1.1</p>
    <div id="environment-header">
      <h2>Environment</h2>
    </div>
    <table id="environment"></table>
    <!-- TEMPLATES -->
      <template id="template_environment_row">
      <tr>
        <td></td>
        <td></td>
      </tr>
    </template>
    <template id="template_results-table__body--empty">
      <tbody class="results-table-row">
        <tr id="not-found-message">
          <td colspan="4">No results found. Check the filters.</th>
        </tr>
    </template>
    <template id="template_results-table__tbody">
      <tbody class="results-table-row">
        <tr class="collapsible">
        </tr>
        <tr class="extras-row">
          <td class="extra" colspan="4">
            <div class="extraHTML"></div>
            <div class="media">
              <div class="media-container">
                  <div class="media-container__nav--left"><</div>
                  <div class="media-container__viewport">
                    <img src="" />
                    <video controls>
                      <source src="" type="video/mp4">
                    </video>
                  </div>
                  <div class="media-container__nav--right">></div>
                </div>
                <div class="media__name"></div>
                <div class="media__counter"></div>
            </div>
            <div class="logwrapper">
              <div class="logexpander"></div>
              <div class="log"></div>
            </div>
          </td>
        </tr>
      </tbody>
    </template>
    <!-- END TEMPLATES -->
    <div class="summary">
      <div class="summary__data">
        <h2>Summary</h2>
        <div class="additional-summary prefix">
        </div>
        <p class="run-count">79 tests took 832 ms.</p>
        <p class="filter">(Un)check the boxes to filter the results.</p>
        <div class="summary__reload">
          <div class="summary__reload__button hidden" onclick="location.reload()">
            <div>There are still tests running. <br />Reload this page to get the latest results!</div>
          </div>
        </div>
        <div class="summary__spacer"></div>
        <div class="controls">
          <div class="filters">
            <input checked="true" class="filter" name="filter_checkbox" type="checkbox" data-test-result="failed" />
            <span class="failed">7 Failed,</span>
            <input checked="true" class="filter" name="filter_checkbox" type="checkbox" data-test-result="passed" />
            <span class="passed">72 Passed,</span>
            <input checked="true" class="filter" name="filter_checkbox" type="checkbox" data-test-result="skipped" disabled/>
            <span class="skipped">0 Skipped,</span>
            <input checked="true" class="filter" name="filter_checkbox" type="checkbox" data-test-result="xfailed" disabled/>
            <span class="xfailed">0 Expected failures,</span>
            <input checked="true" class="filter" name="filter_checkbox" type="checkbox" data-test-result="xpassed" disabled/>
            <span class="xpassed">0 Unexpected passes,</span>
            <input checked="true" class="filter" name="filter_checkbox" type="checkbox" data-test-result="error" />
            <span class="error">6 Errors,</span>
            <input checked="true" class="filter" name="filter_checkbox" type="checkbox" data-test-result="rerun" disabled/>
            <span class="rerun">0 Reruns</span>
          </div>
          <div class="collapse">
            <button id="show_all_details">Show all details</button>&nbsp;/&nbsp;<button id="hide_all_details">Hide all details</button>
          </div>
        </div>
      </div>
      <div class="additional-summary summary">
      </div>
      <div class="additional-summary postfix">
      </div>
    </div>
    <table id="results-table">
      <thead id="results-table-head">
        <tr>
          <th class="sortable" data-column-type="result">Result</th>
          <th class="sortable" data-column-type="testId">Test</th>
          <th class="sortable" data-column-type="duration">Duration</th>
          <th>Links</th>
        </tr>
      </thead>
    </table>
  </body>
  <footer>
    <div id="data-container" data-jsonblob="{&#34;environment&#34;: {&#34;Python&#34;: &#34;3.11.9&#34;, &#34;Platform&#34;: &#34;Windows-10-10.0.26200-SP0&#34;, &#34;Packages&#34;: {&#34;pytest&#34;: &#34;9.0.0&#34;, &#34;pluggy&#34;: &#34;1.6.0&#34;}, &#34;Plugins&#34;: {&#34;anyio&#34;: &#34;4.11.0&#34;, &#34;cov&#34;: &#34;7.0.0&#34;, &#34;html&#34;: &#34;4.1.1&#34;, &#34;metadata&#34;: &#34;3.1.1&#34;}}, &#34;tests&#34;: {&#34;full-project/backend/app/model/tests/test_userModel.py::test_userGetterSetter&#34;: [{&#34;extras&#34;: [], &#34;result&#34;: &#34;Passed&#34;, &#34;testId&#34;: &#34;full-project/backend/app/model/tests/test_userModel.py::test_userGetterSetter&#34;, &#34;duration&#34;: &#34;23 ms&#34;, &#34;resultsTableRow&#34;: [&#34;&lt;td class=\&#34;col-result\&#34;&gt;Passed&lt;/td&gt;&#34;, &#34;&lt;td class=\&#34;col-testId\&#34;&gt;full-project/backend/app/model/tests/test_userModel.py::test_userGetterSetter&lt;/td&gt;&#34;, &#34;&lt;td class=\&#34;col-duration\&#34;&gt;23 ms&lt;/td&gt;&#34;, &#34;&lt;td class=\&#34;col-links\&#34;&gt;&lt;/td&gt;&#34;], &#34;log&#34;: &#34;No log output captured.&#34;}], &#34;full-project/backend/app/repos/tests/test_movieRepo.py::test_movie_load_uses_tmp&#34;: [{&#34;extras&#34;: [], &#34;result&#34;: &#34;Passed&#34;, &#34;testId&#34;: &#34;full-project/backend/app/repos/tests/test_movieRepo.py::test_movie_load_uses_tmp&#34;, &#34;duration&#34;: &#34;24 ms&#34;, &#34;resultsTableRow&#34;: [&#34;&lt;td class=\&#34;col-result\&#34;&gt;Passed&lt;/td&gt;&#34;, &#34;&lt;td class=\&#34;col-testId\&#34;&gt;full-project/backend/app/repos/tests/test_movieRepo.py::test_movie_load_uses_tmp&lt;/td&gt;&#34;, &#34;&lt;td class=\&#34;col-duration\&#34;&gt;24 ms&lt;/td&gt;&#34;, &#34;&lt;td class=\&#34;col-links\&#34;&gt;&lt;/td&gt;&#34;], &#34;log&#34;: &#34;No log output captured.&#34;}], &#34;full-project/backend/app/repos/tests/test_movieRepo.py::test_movie_save_and_verify_contents&#34;: [{&#34;extras&#34;: [], &#34;result&#34;: &#34;Passed&#34;, &#34;testId&#34;: &#34;full-project/backend/app/repos/tests/test_movieRepo.py::test_movie_save_and_verify_contents&#34;, &#34;duration&#34;: &#34;22 ms&#34;, &#34;resultsTableRow&#34;: [&#34;&lt;td class=\&#34;col-result\&#34;&gt;Passed&lt;/td&gt;&#34;, &#34;&lt;td class=\&#34;col-testId\&#34;&gt;full-project/backend/app/repos/tests/test_movieRepo.py::test_movie_save_and_verify_contents&lt;/td&gt;&#34;, &#34;&lt;td class=\&#34;col-duration\&#34;&gt;22 ms&lt;/td&gt;&#34;, &#34;&lt;td class=\&#34;col-links\&#34;&gt;&lt;/td&gt;&#34;], &#34;log&#34;: &#34;No log output captured.&#34;}], &#34;full-project/backend/app/repos/tests/test_repo.py::test_path_with_string&#34;: [{&#34;extras&#34;: [], &#34;result&#34;: &#34;Passed&#34;, &#34;testId&#34;: &#34;full-project/backend/app/repos/tests/test_repo.py::test_path_with_string&#34;, &#34;duration&#34;: &#34;1 ms&#34;, &#34;resultsTableRow&#34;: [&#34;&lt;td class=\&#34;col-result\&#34;&gt;Passed&lt;/td&gt;&#34;, &#34;&lt;td class=\&#34;col-testId\&#34;&gt;full-project/backend/app/repos/tests/test_repo.py::test_path_with_string&lt;/td&gt;&#34;, &#34;&lt;td class=\&#34;col-duration\&#34;&gt;1 ms&lt;/td&gt;&#34;, &#34;&lt;td class=\&#34;col-links\&#34;&gt;&lt;/td&gt;&#34;], &#34;log&#34;: &#34;No log output captured.&#34;}], &#34;full-project/backend/app/repos/tests/test_repo.py::test_path_with_path&#34;: [{&#34;extras&#34;: [], &#34;result&#34;: &#34;Passed&#34;, &#34;testId&#34;: &#34;full-project/backend/app/repos/tests/test_repo.py::test_path_with_path&#34;, &#34;duration&#34;: &#34;1 ms&#34;, &#34;resultsTableRow&#34;: [&#34;&lt;td class=\&#34;col-result\&#34;&gt;Passed&lt;/td&gt;&#34;, &#34;&lt;td class=\&#34;col-testId\&#34;&gt;full-project/backend/app/repos/tests/test_repo.py::test_path_with_path&lt;/td&gt;&#34;, &#34;&lt;td class=\&#34;col-duration\&#34;&gt;1 ms&lt;/td&gt;&#34;, &#34;&lt;td class=\&#34;col-links\&#34;&gt;&lt;/td&gt;&#34;], &#34;log&#34;: &#34;No log output captured.&#34;}], &#34;full-project/backend/app/repos/tests/test_repo.py::test_ensure_file_exists&#34;: [{&#34;extras&#34;: [], &#34;result&#34;: &#34;Error&#34;, &#34;testId&#34;: &#34;full-project/backend/app/repos/tests/test_repo.py::test_ensure_file_exists::setup&#34;, &#34;duration&#34;: &#34;0 ms&#34;, &#34;resultsTableRow&#34;: [&#34;&lt;td class=\&#34;col-result\&#34;&gt;Error&lt;/td&gt;&#34;, &#34;&lt;td class=\&#34;col-testId\&#34;&gt;full-project/backend/app/repos/tests/test_repo.py::test_ensure_file_exists::setup&lt;/td&gt;&#34;, &#34;&lt;td class=\&#34;col-duration\&#34;&gt;0 ms&lt;/td&gt;&#34;, &#34;&lt;td class=\&#34;col-links\&#34;&gt;&lt;/td&gt;&#34;], &#34;log&#34;: &#34;file C:\\Users\\somto\\OneDrive - Lancaster University\\UBC work\\Software engineering\\310-COSC\\full-project\\backend\\app\\repos\\tests\\test_repo.py, line 22\n  def test_ensure_file_exists(mocker):\nE       fixture &amp;#x27;mocker&amp;#x27; not found\n&amp;gt;       available fixtures: anyio_backend, anyio_backend_name, anyio_backend_options, cache, capfd, capfdbinary, caplog, capsys, capsysbinary, capteesys, cov, doctest_namespace, extra, extras, free_tcp_port, free_tcp_port_factory, free_udp_port, free_udp_port_factory, include_metadata_in_junit_xml, metadata, monkeypatch, no_cover, pytestconfig, record_property, record_testsuite_property, record_xml_attribute, recwarn, sample_users, subtests, tmp_path, tmp_path_factory, tmpdir, tmpdir_factory\n&amp;gt;       use &amp;#x27;pytest --fixtures [testpath]&amp;#x27; for help on them.\n\nC:\\Users\\somto\\OneDrive - Lancaster University\\UBC work\\Software engineering\\310-COSC\\full-project\\backend\\app\\repos\\tests\\test_repo.py:22\n&#34;}], &#34;full-project/backend/app/repos/tests/test_repo.py::test_ensure_file_missing&#34;: [{&#34;extras&#34;: [], &#34;result&#34;: &#34;Error&#34;, &#34;testId&#34;: &#34;full-project/backend/app/repos/tests/test_repo.py::test_ensure_file_missing::setup&#34;, &#34;duration&#34;: &#34;0 ms&#34;, &#34;resultsTableRow&#34;: [&#34;&lt;td class=\&#34;col-result\&#34;&gt;Error&lt;/td&gt;&#34;, &#34;&lt;td class=\&#34;col-testId\&#34;&gt;full-project/backend/app/repos/tests/test_repo.py::test_ensure_file_missing::setup&lt;/td&gt;&#34;, &#34;&lt;td class=\&#34;col-duration\&#34;&gt;0 ms&lt;/td&gt;&#34;, &#34;&lt;td class=\&#34;col-links\&#34;&gt;&lt;/td&gt;&#34;], &#34;log&#34;: &#34;file C:\\Users\\somto\\OneDrive - Lancaster University\\UBC work\\Software engineering\\310-COSC\\full-project\\backend\\app\\repos\\tests\\test_repo.py, line 29\n  def test_ensure_file_missing(mocker):\nE       fixture &amp;#x27;mocker&amp;#x27; not found\n&amp;gt;       available fixtures: anyio_backend, anyio_backend_name, anyio_backend_options, cache, capfd, capfdbinary, caplog, capsys, capsysbinary, capteesys, cov, doctest_namespace, extra, extras, free_tcp_port, free_tcp_port_factory, free_udp_port, free_udp_port_factory, include_metadata_in_junit_xml, metadata, monkeypatch, no_cover, pytestconfig, record_property, record_testsuite_property, record_xml_attribute, recwarn, sample_users, subtests, tmp_path, tmp_path_factory, tmpdir, tmpdir_factory\n&amp;gt;       use &amp;#x27;pytest --fixtures [testpath]&amp;#x27; for help on them.\n\nC:\\Users\\somto\\OneDrive - Lancaster University\\UBC work\\Software engineering\\310-COSC\\full-project\\backend\\app\\repos\\tests\\test_repo.py:29\n&#34;}], &#34;full-project/backend/app/repos/tests/test_repo.py::test_load_all&#34;: [{&#34;extras&#34;: [], &#34;result&#34;: &#34;Error&#34;, &#34;testId&#34;: &#34;full-project/backend/app/repos/tests/test_repo.py::test_load_all::setup&#34;, &#34;duration&#34;: &#34;0 ms&#34;, &#34;resultsTableRow&#34;: [&#34;&lt;td class=\&#34;col-result\&#34;&gt;Error&lt;/td&gt;&#34;, &#34;&lt;td class=\&#34;col-testId\&#34;&gt;full-project/backend/app/repos/tests/test_repo.py::test_load_all::setup&lt;/td&gt;&#34;, &#34;&lt;td class=\&#34;col-duration\&#34;&gt;0 ms&lt;/td&gt;&#34;, &#34;&lt;td class=\&#34;col-links\&#34;&gt;&lt;/td&gt;&#34;], &#34;log&#34;: &#34;file C:\\Users\\somto\\OneDrive - Lancaster University\\UBC work\\Software engineering\\310-COSC\\full-project\\backend\\app\\repos\\tests\\test_repo.py, line 39\n  def test_load_all(mocker, sample_users):\nE       fixture &amp;#x27;mocker&amp;#x27; not found\n&amp;gt;       available fixtures: anyio_backend, anyio_backend_name, anyio_backend_options, cache, capfd, capfdbinary, caplog, capsys, capsysbinary, capteesys, cov, doctest_namespace, extra, extras, free_tcp_port, free_tcp_port_factory, free_udp_port, free_udp_port_factory, include_metadata_in_junit_xml, metadata, monkeypatch, no_cover, pytestconfig, record_property, record_testsuite_property, record_xml_attribute, recwarn, sample_users, subtests, tmp_path, tmp_path_factory, tmpdir, tmpdir_factory\n&amp;gt;       use &amp;#x27;pytest --fixtures [testpath]&amp;#x27; for help on them.\n\nC:\\Users\\somto\\OneDrive - Lancaster University\\UBC work\\Software engineering\\310-COSC\\full-project\\backend\\app\\repos\\tests\\test_repo.py:39\n&#34;}], &#34;full-project/backend/app/repos/tests/test_repo.py::test_load_all_missing_file&#34;: [{&#34;extras&#34;: [], &#34;result&#34;: &#34;Error&#34;, &#34;testId&#34;: &#34;full-project/backend/app/repos/tests/test_repo.py::test_load_all_missing_file::setup&#34;, &#34;duration&#34;: &#34;1 ms&#34;, &#34;resultsTableRow&#34;: [&#34;&lt;td class=\&#34;col-result\&#34;&gt;Error&lt;/td&gt;&#34;, &#34;&lt;td class=\&#34;col-testId\&#34;&gt;full-project/backend/app/repos/tests/test_repo.py::test_load_all_missing_file::setup&lt;/td&gt;&#34;, &#34;&lt;td class=\&#34;col-duration\&#34;&gt;1 ms&lt;/td&gt;&#34;, &#34;&lt;td class=\&#34;col-links\&#34;&gt;&lt;/td&gt;&#34;], &#34;log&#34;: &#34;file C:\\Users\\somto\\OneDrive - Lancaster University\\UBC work\\Software engineering\\310-COSC\\full-project\\backend\\app\\repos\\tests\\test_repo.py, line 57\n  def test_load_all_missing_file(mocker):\nE       fixture &amp;#x27;mocker&amp;#x27; not found\n&amp;gt;       available fixtures: anyio_backend, anyio_backend_name, anyio_backend_options, cache, capfd, capfdbinary, caplog, capsys, capsysbinary, capteesys, cov, doctest_namespace, extra, extras, free_tcp_port, free_tcp_port_factory, free_udp_port, free_udp_port_factory, include_metadata_in_junit_xml, metadata, monkeypatch, no_cover, pytestconfig, record_property, record_testsuite_property, record_xml_attribute, recwarn, sample_users, subtests, tmp_path, tmp_path_factory, tmpdir, tmpdir_factory\n&amp;gt;       use &amp;#x27;pytest --fixtures [testpath]&amp;#x27; for help on them.\n\nC:\\Users\\somto\\OneDrive - Lancaster University\\UBC work\\Software engineering\\310-COSC\\full-project\\backend\\app\\repos\\tests\\test_repo.py:57\n&#34;}], &#34;full-project/backend/app/repos/tests/test_reviewRepo.py::test_review_load_uses_tmp&#34;: [{&#34;extras&#34;: [], &#34;result&#34;: &#34;Passed&#34;, &#34;testId&#34;: &#34;full-project/backend/app/repos/tests/test_reviewRepo.py::test_review_load_uses_tmp&#34;, &#34;duration&#34;: &#34;21 ms&#34;, &#34;resultsTableRow&#34;: [&#34;&lt;td class=\&#34;col-result\&#34;&gt;Passed&lt;/td&gt;&#34;, &#34;&lt;td class=\&#34;col-testId\&#34;&gt;full-project/backend/app/repos/tests/test_reviewRepo.py::test_review_load_uses_tmp&lt;/td&gt;&#34;, &#34;&lt;td class=\&#34;col-duration\&#34;&gt;21 ms&lt;/td&gt;&#34;, &#34;&lt;td class=\&#34;col-links\&#34;&gt;&lt;/td&gt;&#34;], &#34;log&#34;: &#34;No log output captured.&#34;}], &#34;full-project/backend/app/repos/tests/test_reviewRepo.py::test_review_save_and_verify_contents&#34;: [{&#34;extras&#34;: [], &#34;result&#34;: &#34;Failed&#34;, &#34;testId&#34;: &#34;full-project/backend/app/repos/tests/test_reviewRepo.py::test_review_save_and_verify_contents&#34;, &#34;duration&#34;: &#34;90 ms&#34;, &#34;resultsTableRow&#34;: [&#34;&lt;td class=\&#34;col-result\&#34;&gt;Failed&lt;/td&gt;&#34;, &#34;&lt;td class=\&#34;col-testId\&#34;&gt;full-project/backend/app/repos/tests/test_reviewRepo.py::test_review_save_and_verify_contents&lt;/td&gt;&#34;, &#34;&lt;td class=\&#34;col-duration\&#34;&gt;90 ms&lt;/td&gt;&#34;, &#34;&lt;td class=\&#34;col-links\&#34;&gt;&lt;/td&gt;&#34;], &#34;log&#34;: &#34;tmp_path = WindowsPath(&amp;#x27;C:/Users/somto/AppData/Local/Temp/pytest-of-somto/pytest-25/test_review_save_and_verify_co0&amp;#x27;)\nmonkeypatch = &amp;lt;_pytest.monkeypatch.MonkeyPatch object at 0x00000164E9A1DC50&amp;gt;\n\n    def test_review_save_and_verify_contents(tmp_path, monkeypatch):\n        test_file = tmp_path / &amp;quot;reviews.json&amp;quot;\n        monkeypatch.setattr(reviewRepo, &amp;quot;REVIEW_DATA_FILE&amp;quot;, test_file, raising=False)\n    \n        data = [\n        {\n            &amp;quot;id&amp;quot;: 1,\n            &amp;quot;movieId&amp;quot;: 101,\n            &amp;quot;userId&amp;quot;: 7,\n            &amp;quot;reviewTitle&amp;quot;: &amp;quot;A Tale Worth a Thousand Berries&amp;quot;,\n            &amp;quot;reviewBody&amp;quot;: &amp;quot;By the seas! This film had more heart than a feast at Baratie. Zoro nearly cried\u2014well, almost.&amp;quot;,\n            &amp;quot;rating&amp;quot;: &amp;quot;9.5&amp;quot;,\n            &amp;quot;datePosted&amp;quot;: &amp;quot;2025-01-12&amp;quot;,\n            &amp;quot;flagged&amp;quot;: False\n        },\n        {\n            &amp;quot;id&amp;quot;: 2,\n            &amp;quot;movieId&amp;quot;: 102,\n            &amp;quot;userId&amp;quot;: 3,\n            &amp;quot;reviewTitle&amp;quot;: &amp;quot;Not Even the Grand Line Could Save It&amp;quot;,\n            &amp;quot;reviewBody&amp;quot;: &amp;quot;Nami said it was a treasure, but the pacing dragged worse than Usopp\u2019s tall tales. Needed more spirit!&amp;quot;,\n            &amp;quot;rating&amp;quot;: &amp;quot;6.0&amp;quot;,\n            &amp;quot;datePosted&amp;quot;: &amp;quot;2025-03-22&amp;quot;,\n            &amp;quot;flagged&amp;quot;: True\n        },\n        {\n            &amp;quot;id&amp;quot;: 3,\n            &amp;quot;movieId&amp;quot;: 103,\n            &amp;quot;userId&amp;quot;: 10,\n            &amp;quot;reviewTitle&amp;quot;: &amp;quot;Sanji\u2019s Culinary Masterpiece&amp;quot;,\n            &amp;quot;reviewBody&amp;quot;: &amp;quot;Cooked to perfection! Every scene sizzled like meat on the grill. I\u2019d trade a barrel of cola for another viewing.&amp;quot;,\n            &amp;quot;rating&amp;quot;: &amp;quot;8.8&amp;quot;,\n            &amp;quot;datePosted&amp;quot;: &amp;quot;2025-05-04&amp;quot;,\n            &amp;quot;flagged&amp;quot;: False\n        },\n        {\n            &amp;quot;id&amp;quot;: 4,\n            &amp;quot;movieId&amp;quot;: 104,\n            &amp;quot;userId&amp;quot;: 2,\n            &amp;quot;reviewTitle&amp;quot;: &amp;quot;A Devil Fruit Disaster&amp;quot;,\n            &amp;quot;reviewBody&amp;quot;: &amp;quot;Plot twist hit harder than Luffy\u2019s Gatling, but the ending sank faster than a Marine ship in a storm.&amp;quot;,\n            &amp;quot;rating&amp;quot;: &amp;quot;5.7&amp;quot;,\n            &amp;quot;datePosted&amp;quot;: &amp;quot;2025-07-16&amp;quot;,\n            &amp;quot;flagged&amp;quot;: False\n        }\n    ]\n    \n    \n        reviewRepo.saveAll(data)\n    \n        assert test_file.exists(), &amp;quot;users.json should have been created&amp;quot;\n        contents = json.loads(test_file.read_text())\n&amp;gt;       assert contents == data\nE       AssertionError: assert [{&amp;#x27;datePosted...d&amp;#x27;: 104, ...}] == [{&amp;#x27;datePosted...d&amp;#x27;: 104, ...}]\nE         \nE         At index 0 diff: {&amp;#x27;id&amp;#x27;: 1, &amp;#x27;movieId&amp;#x27;: 101, &amp;#x27;userId&amp;#x27;: 7, &amp;#x27;reviewTitle&amp;#x27;: &amp;#x27;A Tale Worth a Thousand Berries&amp;#x27;, &amp;#x27;reviewBody&amp;#x27;: &amp;#x27;By the seas! This film had more heart than a feast at Baratie. Zoro nearly cried\u00e2\u20ac\u201dwell, almos...\nE         \nE         ...Full output truncated (2 lines hidden), use &amp;#x27;-vv&amp;#x27; to show\n\nfull-project\\backend\\app\\repos\\tests\\test_reviewRepo.py:94: AssertionError\n&#34;}], &#34;full-project/backend/app/repos/tests/test_userRepo.py::test_user_load_uses_tmp&#34;: [{&#34;extras&#34;: [], &#34;result&#34;: &#34;Passed&#34;, &#34;testId&#34;: &#34;full-project/backend/app/repos/tests/test_userRepo.py::test_user_load_uses_tmp&#34;, &#34;duration&#34;: &#34;16 ms&#34;, &#34;resultsTableRow&#34;: [&#34;&lt;td class=\&#34;col-result\&#34;&gt;Passed&lt;/td&gt;&#34;, &#34;&lt;td class=\&#34;col-testId\&#34;&gt;full-project/backend/app/repos/tests/test_userRepo.py::test_user_load_uses_tmp&lt;/td&gt;&#34;, &#34;&lt;td class=\&#34;col-duration\&#34;&gt;16 ms&lt;/td&gt;&#34;, &#34;&lt;td class=\&#34;col-links\&#34;&gt;&lt;/td&gt;&#34;], &#34;log&#34;: &#34;No log output captured.&#34;}], &#34;full-project/backend/app/repos/tests/test_userRepo.py::test_user_save_and_verify_contents&#34;: [{&#34;extras&#34;: [], &#34;result&#34;: &#34;Passed&#34;, &#34;testId&#34;: &#34;full-project/backend/app/repos/tests/test_userRepo.py::test_user_save_and_verify_contents&#34;, &#34;duration&#34;: &#34;21 ms&#34;, &#34;resultsTableRow&#34;: [&#34;&lt;td class=\&#34;col-result\&#34;&gt;Passed&lt;/td&gt;&#34;, &#34;&lt;td class=\&#34;col-testId\&#34;&gt;full-project/backend/app/repos/tests/test_userRepo.py::test_user_save_and_verify_contents&lt;/td&gt;&#34;, &#34;&lt;td class=\&#34;col-duration\&#34;&gt;21 ms&lt;/td&gt;&#34;, &#34;&lt;td class=\&#34;col-links\&#34;&gt;&lt;/td&gt;&#34;], &#34;log&#34;: &#34;No log output captured.&#34;}], &#34;full-project/backend/app/routers/tests/test_auth.py::test_getAdminDashboard&#34;: [{&#34;extras&#34;: [], &#34;result&#34;: &#34;Passed&#34;, &#34;testId&#34;: &#34;full-project/backend/app/routers/tests/test_auth.py::test_getAdminDashboard&#34;, &#34;duration&#34;: &#34;2 ms&#34;, &#34;resultsTableRow&#34;: [&#34;&lt;td class=\&#34;col-result\&#34;&gt;Passed&lt;/td&gt;&#34;, &#34;&lt;td class=\&#34;col-testId\&#34;&gt;full-project/backend/app/routers/tests/test_auth.py::test_getAdminDashboard&lt;/td&gt;&#34;, &#34;&lt;td class=\&#34;col-duration\&#34;&gt;2 ms&lt;/td&gt;&#34;, &#34;&lt;td class=\&#34;col-links\&#34;&gt;&lt;/td&gt;&#34;], &#34;log&#34;: &#34;No log output captured.&#34;}], &#34;full-project/backend/app/routers/tests/test_movieRoute.py::TestMovieServiceUnit::test_list_movies_returns_all_movies&#34;: [{&#34;extras&#34;: [], &#34;result&#34;: &#34;Passed&#34;, &#34;testId&#34;: &#34;full-project/backend/app/routers/tests/test_movieRoute.py::TestMovieServiceUnit::test_list_movies_returns_all_movies&#34;, &#34;duration&#34;: &#34;3 ms&#34;, &#34;resultsTableRow&#34;: [&#34;&lt;td class=\&#34;col-result\&#34;&gt;Passed&lt;/td&gt;&#34;, &#34;&lt;td class=\&#34;col-testId\&#34;&gt;full-project/backend/app/routers/tests/test_movieRoute.py::TestMovieServiceUnit::test_list_movies_returns_all_movies&lt;/td&gt;&#34;, &#34;&lt;td class=\&#34;col-duration\&#34;&gt;3 ms&lt;/td&gt;&#34;, &#34;&lt;td class=\&#34;col-links\&#34;&gt;&lt;/td&gt;&#34;], &#34;log&#34;: &#34;----------------------------- Captured stdout call -----------------------------\nLoaded 4 movies\n&#34;}], &#34;full-project/backend/app/routers/tests/test_movieRoute.py::TestMovieServiceUnit::test_create_movie_generates_new_id&#34;: [{&#34;extras&#34;: [], &#34;result&#34;: &#34;Passed&#34;, &#34;testId&#34;: &#34;full-project/backend/app/routers/tests/test_movieRoute.py::TestMovieServiceUnit::test_create_movie_generates_new_id&#34;, &#34;duration&#34;: &#34;4 ms&#34;, &#34;resultsTableRow&#34;: [&#34;&lt;td class=\&#34;col-result\&#34;&gt;Passed&lt;/td&gt;&#34;, &#34;&lt;td class=\&#34;col-testId\&#34;&gt;full-project/backend/app/routers/tests/test_movieRoute.py::TestMovieServiceUnit::test_create_movie_generates_new_id&lt;/td&gt;&#34;, &#34;&lt;td class=\&#34;col-duration\&#34;&gt;4 ms&lt;/td&gt;&#34;, &#34;&lt;td class=\&#34;col-links\&#34;&gt;&lt;/td&gt;&#34;], &#34;log&#34;: &#34;No log output captured.&#34;}], &#34;full-project/backend/app/routers/tests/test_movieRoute.py::TestMovieServiceUnit::test_get_movie_by_id_success&#34;: [{&#34;extras&#34;: [], &#34;result&#34;: &#34;Passed&#34;, &#34;testId&#34;: &#34;full-project/backend/app/routers/tests/test_movieRoute.py::TestMovieServiceUnit::test_get_movie_by_id_success&#34;, &#34;duration&#34;: &#34;1 ms&#34;, &#34;resultsTableRow&#34;: [&#34;&lt;td class=\&#34;col-result\&#34;&gt;Passed&lt;/td&gt;&#34;, &#34;&lt;td class=\&#34;col-testId\&#34;&gt;full-project/backend/app/routers/tests/test_movieRoute.py::TestMovieServiceUnit::test_get_movie_by_id_success&lt;/td&gt;&#34;, &#34;&lt;td class=\&#34;col-duration\&#34;&gt;1 ms&lt;/td&gt;&#34;, &#34;&lt;td class=\&#34;col-links\&#34;&gt;&lt;/td&gt;&#34;], &#34;log&#34;: &#34;No log output captured.&#34;}], &#34;full-project/backend/app/routers/tests/test_movieRoute.py::TestMovieServiceUnit::test_get_movie_by_id_not_found&#34;: [{&#34;extras&#34;: [], &#34;result&#34;: &#34;Passed&#34;, &#34;testId&#34;: &#34;full-project/backend/app/routers/tests/test_movieRoute.py::TestMovieServiceUnit::test_get_movie_by_id_not_found&#34;, &#34;duration&#34;: &#34;2 ms&#34;, &#34;resultsTableRow&#34;: [&#34;&lt;td class=\&#34;col-result\&#34;&gt;Passed&lt;/td&gt;&#34;, &#34;&lt;td class=\&#34;col-testId\&#34;&gt;full-project/backend/app/routers/tests/test_movieRoute.py::TestMovieServiceUnit::test_get_movie_by_id_not_found&lt;/td&gt;&#34;, &#34;&lt;td class=\&#34;col-duration\&#34;&gt;2 ms&lt;/td&gt;&#34;, &#34;&lt;td class=\&#34;col-links\&#34;&gt;&lt;/td&gt;&#34;], &#34;log&#34;: &#34;No log output captured.&#34;}], &#34;full-project/backend/app/routers/tests/test_movieRoute.py::TestMovieServiceUnit::test_update_movie_success&#34;: [{&#34;extras&#34;: [], &#34;result&#34;: &#34;Passed&#34;, &#34;testId&#34;: &#34;full-project/backend/app/routers/tests/test_movieRoute.py::TestMovieServiceUnit::test_update_movie_success&#34;, &#34;duration&#34;: &#34;1 ms&#34;, &#34;resultsTableRow&#34;: [&#34;&lt;td class=\&#34;col-result\&#34;&gt;Passed&lt;/td&gt;&#34;, &#34;&lt;td class=\&#34;col-testId\&#34;&gt;full-project/backend/app/routers/tests/test_movieRoute.py::TestMovieServiceUnit::test_update_movie_success&lt;/td&gt;&#34;, &#34;&lt;td class=\&#34;col-duration\&#34;&gt;1 ms&lt;/td&gt;&#34;, &#34;&lt;td class=\&#34;col-links\&#34;&gt;&lt;/td&gt;&#34;], &#34;log&#34;: &#34;No log output captured.&#34;}], &#34;full-project/backend/app/routers/tests/test_movieRoute.py::TestMovieServiceUnit::test_search_movie_by_title&#34;: [{&#34;extras&#34;: [], &#34;result&#34;: &#34;Passed&#34;, &#34;testId&#34;: &#34;full-project/backend/app/routers/tests/test_movieRoute.py::TestMovieServiceUnit::test_search_movie_by_title&#34;, &#34;duration&#34;: &#34;1 ms&#34;, &#34;resultsTableRow&#34;: [&#34;&lt;td class=\&#34;col-result\&#34;&gt;Passed&lt;/td&gt;&#34;, &#34;&lt;td class=\&#34;col-testId\&#34;&gt;full-project/backend/app/routers/tests/test_movieRoute.py::TestMovieServiceUnit::test_search_movie_by_title&lt;/td&gt;&#34;, &#34;&lt;td class=\&#34;col-duration\&#34;&gt;1 ms&lt;/td&gt;&#34;, &#34;&lt;td class=\&#34;col-links\&#34;&gt;&lt;/td&gt;&#34;], &#34;log&#34;: &#34;No log output captured.&#34;}], &#34;full-project/backend/app/routers/tests/test_movieRoute.py::TestMovieServiceUnit::test_search_movie_by_genre&#34;: [{&#34;extras&#34;: [], &#34;result&#34;: &#34;Passed&#34;, &#34;testId&#34;: &#34;full-project/backend/app/routers/tests/test_movieRoute.py::TestMovieServiceUnit::test_search_movie_by_genre&#34;, &#34;duration&#34;: &#34;1 ms&#34;, &#34;resultsTableRow&#34;: [&#34;&lt;td class=\&#34;col-result\&#34;&gt;Passed&lt;/td&gt;&#34;, &#34;&lt;td class=\&#34;col-testId\&#34;&gt;full-project/backend/app/routers/tests/test_movieRoute.py::TestMovieServiceUnit::test_search_movie_by_genre&lt;/td&gt;&#34;, &#34;&lt;td class=\&#34;col-duration\&#34;&gt;1 ms&lt;/td&gt;&#34;, &#34;&lt;td class=\&#34;col-links\&#34;&gt;&lt;/td&gt;&#34;], &#34;log&#34;: &#34;No log output captured.&#34;}], &#34;full-project/backend/app/routers/tests/test_movieRoute.py::TestMovieServiceUnit::test_search_movie_empty_query&#34;: [{&#34;extras&#34;: [], &#34;result&#34;: &#34;Passed&#34;, &#34;testId&#34;: &#34;full-project/backend/app/routers/tests/test_movieRoute.py::TestMovieServiceUnit::test_search_movie_empty_query&#34;, &#34;duration&#34;: &#34;2 ms&#34;, &#34;resultsTableRow&#34;: [&#34;&lt;td class=\&#34;col-result\&#34;&gt;Passed&lt;/td&gt;&#34;, &#34;&lt;td class=\&#34;col-testId\&#34;&gt;full-project/backend/app/routers/tests/test_movieRoute.py::TestMovieServiceUnit::test_search_movie_empty_query&lt;/td&gt;&#34;, &#34;&lt;td class=\&#34;col-duration\&#34;&gt;2 ms&lt;/td&gt;&#34;, &#34;&lt;td class=\&#34;col-links\&#34;&gt;&lt;/td&gt;&#34;], &#34;log&#34;: &#34;No log output captured.&#34;}], &#34;full-project/backend/app/routers/tests/test_movieRoute.py::TestMovieRouterIntegration::test_get_all_movies_endpoint&#34;: [{&#34;extras&#34;: [], &#34;result&#34;: &#34;Passed&#34;, &#34;testId&#34;: &#34;full-project/backend/app/routers/tests/test_movieRoute.py::TestMovieRouterIntegration::test_get_all_movies_endpoint&#34;, &#34;duration&#34;: &#34;51 ms&#34;, &#34;resultsTableRow&#34;: [&#34;&lt;td class=\&#34;col-result\&#34;&gt;Passed&lt;/td&gt;&#34;, &#34;&lt;td class=\&#34;col-testId\&#34;&gt;full-project/backend/app/routers/tests/test_movieRoute.py::TestMovieRouterIntegration::test_get_all_movies_endpoint&lt;/td&gt;&#34;, &#34;&lt;td class=\&#34;col-duration\&#34;&gt;51 ms&lt;/td&gt;&#34;, &#34;&lt;td class=\&#34;col-links\&#34;&gt;&lt;/td&gt;&#34;], &#34;log&#34;: &#34;No log output captured.&#34;}], &#34;full-project/backend/app/routers/tests/test_movieRoute.py::TestMovieRouterIntegration::test_get_movie_by_id_endpoint&#34;: [{&#34;extras&#34;: [], &#34;result&#34;: &#34;Passed&#34;, &#34;testId&#34;: &#34;full-project/backend/app/routers/tests/test_movieRoute.py::TestMovieRouterIntegration::test_get_movie_by_id_endpoint&#34;, &#34;duration&#34;: &#34;20 ms&#34;, &#34;resultsTableRow&#34;: [&#34;&lt;td class=\&#34;col-result\&#34;&gt;Passed&lt;/td&gt;&#34;, &#34;&lt;td class=\&#34;col-testId\&#34;&gt;full-project/backend/app/routers/tests/test_movieRoute.py::TestMovieRouterIntegration::test_get_movie_by_id_endpoint&lt;/td&gt;&#34;, &#34;&lt;td class=\&#34;col-duration\&#34;&gt;20 ms&lt;/td&gt;&#34;, &#34;&lt;td class=\&#34;col-links\&#34;&gt;&lt;/td&gt;&#34;], &#34;log&#34;: &#34;No log output captured.&#34;}], &#34;full-project/backend/app/routers/tests/test_movieRoute.py::TestMovieRouterIntegration::test_get_movie_by_id_not_found&#34;: [{&#34;extras&#34;: [], &#34;result&#34;: &#34;Passed&#34;, &#34;testId&#34;: &#34;full-project/backend/app/routers/tests/test_movieRoute.py::TestMovieRouterIntegration::test_get_movie_by_id_not_found&#34;, &#34;duration&#34;: &#34;16 ms&#34;, &#34;resultsTableRow&#34;: [&#34;&lt;td class=\&#34;col-result\&#34;&gt;Passed&lt;/td&gt;&#34;, &#34;&lt;td class=\&#34;col-testId\&#34;&gt;full-project/backend/app/routers/tests/test_movieRoute.py::TestMovieRouterIntegration::test_get_movie_by_id_not_found&lt;/td&gt;&#34;, &#34;&lt;td class=\&#34;col-duration\&#34;&gt;16 ms&lt;/td&gt;&#34;, &#34;&lt;td class=\&#34;col-links\&#34;&gt;&lt;/td&gt;&#34;], &#34;log&#34;: &#34;No log output captured.&#34;}], &#34;full-project/backend/app/routers/tests/test_movieRoute.py::TestMovieRouterIntegration::test_search_movies_with_query&#34;: [{&#34;extras&#34;: [], &#34;result&#34;: &#34;Passed&#34;, &#34;testId&#34;: &#34;full-project/backend/app/routers/tests/test_movieRoute.py::TestMovieRouterIntegration::test_search_movies_with_query&#34;, &#34;duration&#34;: &#34;18 ms&#34;, &#34;resultsTableRow&#34;: [&#34;&lt;td class=\&#34;col-result\&#34;&gt;Passed&lt;/td&gt;&#34;, &#34;&lt;td class=\&#34;col-testId\&#34;&gt;full-project/backend/app/routers/tests/test_movieRoute.py::TestMovieRouterIntegration::test_search_movies_with_query&lt;/td&gt;&#34;, &#34;&lt;td class=\&#34;col-duration\&#34;&gt;18 ms&lt;/td&gt;&#34;, &#34;&lt;td class=\&#34;col-links\&#34;&gt;&lt;/td&gt;&#34;], &#34;log&#34;: &#34;No log output captured.&#34;}], &#34;full-project/backend/app/routers/tests/test_movieRoute.py::TestMovieRouterIntegration::test_search_movies_no_results&#34;: [{&#34;extras&#34;: [], &#34;result&#34;: &#34;Passed&#34;, &#34;testId&#34;: &#34;full-project/backend/app/routers/tests/test_movieRoute.py::TestMovieRouterIntegration::test_search_movies_no_results&#34;, &#34;duration&#34;: &#34;18 ms&#34;, &#34;resultsTableRow&#34;: [&#34;&lt;td class=\&#34;col-result\&#34;&gt;Passed&lt;/td&gt;&#34;, &#34;&lt;td class=\&#34;col-testId\&#34;&gt;full-project/backend/app/routers/tests/test_movieRoute.py::TestMovieRouterIntegration::test_search_movies_no_results&lt;/td&gt;&#34;, &#34;&lt;td class=\&#34;col-duration\&#34;&gt;18 ms&lt;/td&gt;&#34;, &#34;&lt;td class=\&#34;col-links\&#34;&gt;&lt;/td&gt;&#34;], &#34;log&#34;: &#34;No log output captured.&#34;}], &#34;full-project/backend/app/routers/tests/test_movieRoute.py::TestMovieEdgeCases::test_search_with_case_insensitive&#34;: [{&#34;extras&#34;: [], &#34;result&#34;: &#34;Passed&#34;, &#34;testId&#34;: &#34;full-project/backend/app/routers/tests/test_movieRoute.py::TestMovieEdgeCases::test_search_with_case_insensitive&#34;, &#34;duration&#34;: &#34;2 ms&#34;, &#34;resultsTableRow&#34;: [&#34;&lt;td class=\&#34;col-result\&#34;&gt;Passed&lt;/td&gt;&#34;, &#34;&lt;td class=\&#34;col-testId\&#34;&gt;full-project/backend/app/routers/tests/test_movieRoute.py::TestMovieEdgeCases::test_search_with_case_insensitive&lt;/td&gt;&#34;, &#34;&lt;td class=\&#34;col-duration\&#34;&gt;2 ms&lt;/td&gt;&#34;, &#34;&lt;td class=\&#34;col-links\&#34;&gt;&lt;/td&gt;&#34;], &#34;log&#34;: &#34;No log output captured.&#34;}], &#34;full-project/backend/app/routers/tests/test_movieRoute.py::TestMovieEdgeCases::test_get_movie_with_string_id_converts_to_int&#34;: [{&#34;extras&#34;: [], &#34;result&#34;: &#34;Passed&#34;, &#34;testId&#34;: &#34;full-project/backend/app/routers/tests/test_movieRoute.py::TestMovieEdgeCases::test_get_movie_with_string_id_converts_to_int&#34;, &#34;duration&#34;: &#34;2 ms&#34;, &#34;resultsTableRow&#34;: [&#34;&lt;td class=\&#34;col-result\&#34;&gt;Passed&lt;/td&gt;&#34;, &#34;&lt;td class=\&#34;col-testId\&#34;&gt;full-project/backend/app/routers/tests/test_movieRoute.py::TestMovieEdgeCases::test_get_movie_with_string_id_converts_to_int&lt;/td&gt;&#34;, &#34;&lt;td class=\&#34;col-duration\&#34;&gt;2 ms&lt;/td&gt;&#34;, &#34;&lt;td class=\&#34;col-links\&#34;&gt;&lt;/td&gt;&#34;], &#34;log&#34;: &#34;No log output captured.&#34;}], &#34;full-project/backend/app/routers/tests/test_movieRoute.py::TestMovieEdgeCases::test_update_movie_partial_update&#34;: [{&#34;extras&#34;: [], &#34;result&#34;: &#34;Passed&#34;, &#34;testId&#34;: &#34;full-project/backend/app/routers/tests/test_movieRoute.py::TestMovieEdgeCases::test_update_movie_partial_update&#34;, &#34;duration&#34;: &#34;3 ms&#34;, &#34;resultsTableRow&#34;: [&#34;&lt;td class=\&#34;col-result\&#34;&gt;Passed&lt;/td&gt;&#34;, &#34;&lt;td class=\&#34;col-testId\&#34;&gt;full-project/backend/app/routers/tests/test_movieRoute.py::TestMovieEdgeCases::test_update_movie_partial_update&lt;/td&gt;&#34;, &#34;&lt;td class=\&#34;col-duration\&#34;&gt;3 ms&lt;/td&gt;&#34;, &#34;&lt;td class=\&#34;col-links\&#34;&gt;&lt;/td&gt;&#34;], &#34;log&#34;: &#34;No log output captured.&#34;}], &#34;full-project/backend/app/routers/tests/test_replyRoute.py::test_get_replies&#34;: [{&#34;extras&#34;: [], &#34;result&#34;: &#34;Passed&#34;, &#34;testId&#34;: &#34;full-project/backend/app/routers/tests/test_replyRoute.py::test_get_replies&#34;, &#34;duration&#34;: &#34;8 ms&#34;, &#34;resultsTableRow&#34;: [&#34;&lt;td class=\&#34;col-result\&#34;&gt;Passed&lt;/td&gt;&#34;, &#34;&lt;td class=\&#34;col-testId\&#34;&gt;full-project/backend/app/routers/tests/test_replyRoute.py::test_get_replies&lt;/td&gt;&#34;, &#34;&lt;td class=\&#34;col-duration\&#34;&gt;8 ms&lt;/td&gt;&#34;, &#34;&lt;td class=\&#34;col-links\&#34;&gt;&lt;/td&gt;&#34;], &#34;log&#34;: &#34;No log output captured.&#34;}], &#34;full-project/backend/app/routers/tests/test_replyRoute.py::test_post_reply&#34;: [{&#34;extras&#34;: [], &#34;result&#34;: &#34;Passed&#34;, &#34;testId&#34;: &#34;full-project/backend/app/routers/tests/test_replyRoute.py::test_post_reply&#34;, &#34;duration&#34;: &#34;9 ms&#34;, &#34;resultsTableRow&#34;: [&#34;&lt;td class=\&#34;col-result\&#34;&gt;Passed&lt;/td&gt;&#34;, &#34;&lt;td class=\&#34;col-testId\&#34;&gt;full-project/backend/app/routers/tests/test_replyRoute.py::test_post_reply&lt;/td&gt;&#34;, &#34;&lt;td class=\&#34;col-duration\&#34;&gt;9 ms&lt;/td&gt;&#34;, &#34;&lt;td class=\&#34;col-links\&#34;&gt;&lt;/td&gt;&#34;], &#34;log&#34;: &#34;No log output captured.&#34;}], &#34;full-project/backend/app/routers/tests/test_reviewRoute.py::TestReviewRouterIntegration::test_get_all_reviews_endpoint&#34;: [{&#34;extras&#34;: [], &#34;result&#34;: &#34;Passed&#34;, &#34;testId&#34;: &#34;full-project/backend/app/routers/tests/test_reviewRoute.py::TestReviewRouterIntegration::test_get_all_reviews_endpoint&#34;, &#34;duration&#34;: &#34;13 ms&#34;, &#34;resultsTableRow&#34;: [&#34;&lt;td class=\&#34;col-result\&#34;&gt;Passed&lt;/td&gt;&#34;, &#34;&lt;td class=\&#34;col-testId\&#34;&gt;full-project/backend/app/routers/tests/test_reviewRoute.py::TestReviewRouterIntegration::test_get_all_reviews_endpoint&lt;/td&gt;&#34;, &#34;&lt;td class=\&#34;col-duration\&#34;&gt;13 ms&lt;/td&gt;&#34;, &#34;&lt;td class=\&#34;col-links\&#34;&gt;&lt;/td&gt;&#34;], &#34;log&#34;: &#34;No log output captured.&#34;}], &#34;full-project/backend/app/routers/tests/test_reviewRoute.py::TestReviewRouterIntegration::test_get_review_by_id_endpoint&#34;: [{&#34;extras&#34;: [], &#34;result&#34;: &#34;Passed&#34;, &#34;testId&#34;: &#34;full-project/backend/app/routers/tests/test_reviewRoute.py::TestReviewRouterIntegration::test_get_review_by_id_endpoint&#34;, &#34;duration&#34;: &#34;15 ms&#34;, &#34;resultsTableRow&#34;: [&#34;&lt;td class=\&#34;col-result\&#34;&gt;Passed&lt;/td&gt;&#34;, &#34;&lt;td class=\&#34;col-testId\&#34;&gt;full-project/backend/app/routers/tests/test_reviewRoute.py::TestReviewRouterIntegration::test_get_review_by_id_endpoint&lt;/td&gt;&#34;, &#34;&lt;td class=\&#34;col-duration\&#34;&gt;15 ms&lt;/td&gt;&#34;, &#34;&lt;td class=\&#34;col-links\&#34;&gt;&lt;/td&gt;&#34;], &#34;log&#34;: &#34;No log output captured.&#34;}], &#34;full-project/backend/app/routers/tests/test_reviewRoute.py::TestReviewRouterIntegration::test_get_review_by_id_not_found&#34;: [{&#34;extras&#34;: [], &#34;result&#34;: &#34;Passed&#34;, &#34;testId&#34;: &#34;full-project/backend/app/routers/tests/test_reviewRoute.py::TestReviewRouterIntegration::test_get_review_by_id_not_found&#34;, &#34;duration&#34;: &#34;13 ms&#34;, &#34;resultsTableRow&#34;: [&#34;&lt;td class=\&#34;col-result\&#34;&gt;Passed&lt;/td&gt;&#34;, &#34;&lt;td class=\&#34;col-testId\&#34;&gt;full-project/backend/app/routers/tests/test_reviewRoute.py::TestReviewRouterIntegration::test_get_review_by_id_not_found&lt;/td&gt;&#34;, &#34;&lt;td class=\&#34;col-duration\&#34;&gt;13 ms&lt;/td&gt;&#34;, &#34;&lt;td class=\&#34;col-links\&#34;&gt;&lt;/td&gt;&#34;], &#34;log&#34;: &#34;No log output captured.&#34;}], &#34;full-project/backend/app/routers/tests/test_reviewRoute.py::TestReviewRouterIntegration::test_search_reviews_with_query&#34;: [{&#34;extras&#34;: [], &#34;result&#34;: &#34;Passed&#34;, &#34;testId&#34;: &#34;full-project/backend/app/routers/tests/test_reviewRoute.py::TestReviewRouterIntegration::test_search_reviews_with_query&#34;, &#34;duration&#34;: &#34;14 ms&#34;, &#34;resultsTableRow&#34;: [&#34;&lt;td class=\&#34;col-result\&#34;&gt;Passed&lt;/td&gt;&#34;, &#34;&lt;td class=\&#34;col-testId\&#34;&gt;full-project/backend/app/routers/tests/test_reviewRoute.py::TestReviewRouterIntegration::test_search_reviews_with_query&lt;/td&gt;&#34;, &#34;&lt;td class=\&#34;col-duration\&#34;&gt;14 ms&lt;/td&gt;&#34;, &#34;&lt;td class=\&#34;col-links\&#34;&gt;&lt;/td&gt;&#34;], &#34;log&#34;: &#34;No log output captured.&#34;}], &#34;full-project/backend/app/routers/tests/test_reviewRoute.py::TestReviewRouterIntegration::test_search_reviews_with_limit_and_offset&#34;: [{&#34;extras&#34;: [], &#34;result&#34;: &#34;Passed&#34;, &#34;testId&#34;: &#34;full-project/backend/app/routers/tests/test_reviewRoute.py::TestReviewRouterIntegration::test_search_reviews_with_limit_and_offset&#34;, &#34;duration&#34;: &#34;16 ms&#34;, &#34;resultsTableRow&#34;: [&#34;&lt;td class=\&#34;col-result\&#34;&gt;Passed&lt;/td&gt;&#34;, &#34;&lt;td class=\&#34;col-testId\&#34;&gt;full-project/backend/app/routers/tests/test_reviewRoute.py::TestReviewRouterIntegration::test_search_reviews_with_limit_and_offset&lt;/td&gt;&#34;, &#34;&lt;td class=\&#34;col-duration\&#34;&gt;16 ms&lt;/td&gt;&#34;, &#34;&lt;td class=\&#34;col-links\&#34;&gt;&lt;/td&gt;&#34;], &#34;log&#34;: &#34;No log output captured.&#34;}], &#34;full-project/backend/app/routers/tests/test_reviewRoute.py::TestReviewRouterIntegration::test_create_review_endpoint&#34;: [{&#34;extras&#34;: [], &#34;result&#34;: &#34;Passed&#34;, &#34;testId&#34;: &#34;full-project/backend/app/routers/tests/test_reviewRoute.py::TestReviewRouterIntegration::test_create_review_endpoint&#34;, &#34;duration&#34;: &#34;14 ms&#34;, &#34;resultsTableRow&#34;: [&#34;&lt;td class=\&#34;col-result\&#34;&gt;Passed&lt;/td&gt;&#34;, &#34;&lt;td class=\&#34;col-testId\&#34;&gt;full-project/backend/app/routers/tests/test_reviewRoute.py::TestReviewRouterIntegration::test_create_review_endpoint&lt;/td&gt;&#34;, &#34;&lt;td class=\&#34;col-duration\&#34;&gt;14 ms&lt;/td&gt;&#34;, &#34;&lt;td class=\&#34;col-links\&#34;&gt;&lt;/td&gt;&#34;], &#34;log&#34;: &#34;No log output captured.&#34;}], &#34;full-project/backend/app/routers/tests/test_reviewRoute.py::TestReviewRouterIntegration::test_update_review_endpoint&#34;: [{&#34;extras&#34;: [], &#34;result&#34;: &#34;Passed&#34;, &#34;testId&#34;: &#34;full-project/backend/app/routers/tests/test_reviewRoute.py::TestReviewRouterIntegration::test_update_review_endpoint&#34;, &#34;duration&#34;: &#34;15 ms&#34;, &#34;resultsTableRow&#34;: [&#34;&lt;td class=\&#34;col-result\&#34;&gt;Passed&lt;/td&gt;&#34;, &#34;&lt;td class=\&#34;col-testId\&#34;&gt;full-project/backend/app/routers/tests/test_reviewRoute.py::TestReviewRouterIntegration::test_update_review_endpoint&lt;/td&gt;&#34;, &#34;&lt;td class=\&#34;col-duration\&#34;&gt;15 ms&lt;/td&gt;&#34;, &#34;&lt;td class=\&#34;col-links\&#34;&gt;&lt;/td&gt;&#34;], &#34;log&#34;: &#34;No log output captured.&#34;}], &#34;full-project/backend/app/routers/tests/test_reviewRoute.py::TestReviewRouterIntegration::test_delete_review_as_admin&#34;: [{&#34;extras&#34;: [], &#34;result&#34;: &#34;Passed&#34;, &#34;testId&#34;: &#34;full-project/backend/app/routers/tests/test_reviewRoute.py::TestReviewRouterIntegration::test_delete_review_as_admin&#34;, &#34;duration&#34;: &#34;15 ms&#34;, &#34;resultsTableRow&#34;: [&#34;&lt;td class=\&#34;col-result\&#34;&gt;Passed&lt;/td&gt;&#34;, &#34;&lt;td class=\&#34;col-testId\&#34;&gt;full-project/backend/app/routers/tests/test_reviewRoute.py::TestReviewRouterIntegration::test_delete_review_as_admin&lt;/td&gt;&#34;, &#34;&lt;td class=\&#34;col-duration\&#34;&gt;15 ms&lt;/td&gt;&#34;, &#34;&lt;td class=\&#34;col-links\&#34;&gt;&lt;/td&gt;&#34;], &#34;log&#34;: &#34;No log output captured.&#34;}], &#34;full-project/backend/app/routers/tests/test_reviewRoute.py::TestReviewRouterIntegration::test_delete_review_not_found&#34;: [{&#34;extras&#34;: [], &#34;result&#34;: &#34;Passed&#34;, &#34;testId&#34;: &#34;full-project/backend/app/routers/tests/test_reviewRoute.py::TestReviewRouterIntegration::test_delete_review_not_found&#34;, &#34;duration&#34;: &#34;15 ms&#34;, &#34;resultsTableRow&#34;: [&#34;&lt;td class=\&#34;col-result\&#34;&gt;Passed&lt;/td&gt;&#34;, &#34;&lt;td class=\&#34;col-testId\&#34;&gt;full-project/backend/app/routers/tests/test_reviewRoute.py::TestReviewRouterIntegration::test_delete_review_not_found&lt;/td&gt;&#34;, &#34;&lt;td class=\&#34;col-duration\&#34;&gt;15 ms&lt;/td&gt;&#34;, &#34;&lt;td class=\&#34;col-links\&#34;&gt;&lt;/td&gt;&#34;], &#34;log&#34;: &#34;No log output captured.&#34;}], &#34;full-project/backend/app/routers/tests/test_userRoute.py::test_get_all_users&#34;: [{&#34;extras&#34;: [], &#34;result&#34;: &#34;Passed&#34;, &#34;testId&#34;: &#34;full-project/backend/app/routers/tests/test_userRoute.py::test_get_all_users&#34;, &#34;duration&#34;: &#34;23 ms&#34;, &#34;resultsTableRow&#34;: [&#34;&lt;td class=\&#34;col-result\&#34;&gt;Passed&lt;/td&gt;&#34;, &#34;&lt;td class=\&#34;col-testId\&#34;&gt;full-project/backend/app/routers/tests/test_userRoute.py::test_get_all_users&lt;/td&gt;&#34;, &#34;&lt;td class=\&#34;col-duration\&#34;&gt;23 ms&lt;/td&gt;&#34;, &#34;&lt;td class=\&#34;col-links\&#34;&gt;&lt;/td&gt;&#34;], &#34;log&#34;: &#34;No log output captured.&#34;}], &#34;full-project/backend/app/routers/tests/test_userRoute.py::test_create_user&#34;: [{&#34;extras&#34;: [], &#34;result&#34;: &#34;Passed&#34;, &#34;testId&#34;: &#34;full-project/backend/app/routers/tests/test_userRoute.py::test_create_user&#34;, &#34;duration&#34;: &#34;21 ms&#34;, &#34;resultsTableRow&#34;: [&#34;&lt;td class=\&#34;col-result\&#34;&gt;Passed&lt;/td&gt;&#34;, &#34;&lt;td class=\&#34;col-testId\&#34;&gt;full-project/backend/app/routers/tests/test_userRoute.py::test_create_user&lt;/td&gt;&#34;, &#34;&lt;td class=\&#34;col-duration\&#34;&gt;21 ms&lt;/td&gt;&#34;, &#34;&lt;td class=\&#34;col-links\&#34;&gt;&lt;/td&gt;&#34;], &#34;log&#34;: &#34;No log output captured.&#34;}], &#34;full-project/backend/app/routers/tests/test_userRoute.py::test_get_user_by_id&#34;: [{&#34;extras&#34;: [], &#34;result&#34;: &#34;Passed&#34;, &#34;testId&#34;: &#34;full-project/backend/app/routers/tests/test_userRoute.py::test_get_user_by_id&#34;, &#34;duration&#34;: &#34;19 ms&#34;, &#34;resultsTableRow&#34;: [&#34;&lt;td class=\&#34;col-result\&#34;&gt;Passed&lt;/td&gt;&#34;, &#34;&lt;td class=\&#34;col-testId\&#34;&gt;full-project/backend/app/routers/tests/test_userRoute.py::test_get_user_by_id&lt;/td&gt;&#34;, &#34;&lt;td class=\&#34;col-duration\&#34;&gt;19 ms&lt;/td&gt;&#34;, &#34;&lt;td class=\&#34;col-links\&#34;&gt;&lt;/td&gt;&#34;], &#34;log&#34;: &#34;No log output captured.&#34;}], &#34;full-project/backend/app/routers/tests/test_userRoute.py::test_update_user&#34;: [{&#34;extras&#34;: [], &#34;result&#34;: &#34;Passed&#34;, &#34;testId&#34;: &#34;full-project/backend/app/routers/tests/test_userRoute.py::test_update_user&#34;, &#34;duration&#34;: &#34;22 ms&#34;, &#34;resultsTableRow&#34;: [&#34;&lt;td class=\&#34;col-result\&#34;&gt;Passed&lt;/td&gt;&#34;, &#34;&lt;td class=\&#34;col-testId\&#34;&gt;full-project/backend/app/routers/tests/test_userRoute.py::test_update_user&lt;/td&gt;&#34;, &#34;&lt;td class=\&#34;col-duration\&#34;&gt;22 ms&lt;/td&gt;&#34;, &#34;&lt;td class=\&#34;col-links\&#34;&gt;&lt;/td&gt;&#34;], &#34;log&#34;: &#34;No log output captured.&#34;}], &#34;full-project/backend/app/routers/tests/test_userRoute.py::test_delete_user&#34;: [{&#34;extras&#34;: [], &#34;result&#34;: &#34;Passed&#34;, &#34;testId&#34;: &#34;full-project/backend/app/routers/tests/test_userRoute.py::test_delete_user&#34;, &#34;duration&#34;: &#34;21 ms&#34;, &#34;resultsTableRow&#34;: [&#34;&lt;td class=\&#34;col-result\&#34;&gt;Passed&lt;/td&gt;&#34;, &#34;&lt;td class=\&#34;col-testId\&#34;&gt;full-project/backend/app/routers/tests/test_userRoute.py::test_delete_user&lt;/td&gt;&#34;, &#34;&lt;td class=\&#34;col-duration\&#34;&gt;21 ms&lt;/td&gt;&#34;, &#34;&lt;td class=\&#34;col-links\&#34;&gt;&lt;/td&gt;&#34;], &#34;log&#34;: &#34;No log output captured.&#34;}], &#34;full-project/backend/app/services/tests/test_movieService.py::test_list_movies&#34;: [{&#34;extras&#34;: [], &#34;result&#34;: &#34;Passed&#34;, &#34;testId&#34;: &#34;full-project/backend/app/services/tests/test_movieService.py::test_list_movies&#34;, &#34;duration&#34;: &#34;3 ms&#34;, &#34;resultsTableRow&#34;: [&#34;&lt;td class=\&#34;col-result\&#34;&gt;Passed&lt;/td&gt;&#34;, &#34;&lt;td class=\&#34;col-testId\&#34;&gt;full-project/backend/app/services/tests/test_movieService.py::test_list_movies&lt;/td&gt;&#34;, &#34;&lt;td class=\&#34;col-duration\&#34;&gt;3 ms&lt;/td&gt;&#34;, &#34;&lt;td class=\&#34;col-links\&#34;&gt;&lt;/td&gt;&#34;], &#34;log&#34;: &#34;----------------------------- Captured stdout call -----------------------------\nLoaded 2 movies\n&#34;}], &#34;full-project/backend/app/services/tests/test_movieService.py::test_get_movie_by_id_success&#34;: [{&#34;extras&#34;: [], &#34;result&#34;: &#34;Passed&#34;, &#34;testId&#34;: &#34;full-project/backend/app/services/tests/test_movieService.py::test_get_movie_by_id_success&#34;, &#34;duration&#34;: &#34;1 ms&#34;, &#34;resultsTableRow&#34;: [&#34;&lt;td class=\&#34;col-result\&#34;&gt;Passed&lt;/td&gt;&#34;, &#34;&lt;td class=\&#34;col-testId\&#34;&gt;full-project/backend/app/services/tests/test_movieService.py::test_get_movie_by_id_success&lt;/td&gt;&#34;, &#34;&lt;td class=\&#34;col-duration\&#34;&gt;1 ms&lt;/td&gt;&#34;, &#34;&lt;td class=\&#34;col-links\&#34;&gt;&lt;/td&gt;&#34;], &#34;log&#34;: &#34;No log output captured.&#34;}], &#34;full-project/backend/app/services/tests/test_movieService.py::test_get_movie_by_id_not_found&#34;: [{&#34;extras&#34;: [], &#34;result&#34;: &#34;Passed&#34;, &#34;testId&#34;: &#34;full-project/backend/app/services/tests/test_movieService.py::test_get_movie_by_id_not_found&#34;, &#34;duration&#34;: &#34;1 ms&#34;, &#34;resultsTableRow&#34;: [&#34;&lt;td class=\&#34;col-result\&#34;&gt;Passed&lt;/td&gt;&#34;, &#34;&lt;td class=\&#34;col-testId\&#34;&gt;full-project/backend/app/services/tests/test_movieService.py::test_get_movie_by_id_not_found&lt;/td&gt;&#34;, &#34;&lt;td class=\&#34;col-duration\&#34;&gt;1 ms&lt;/td&gt;&#34;, &#34;&lt;td class=\&#34;col-links\&#34;&gt;&lt;/td&gt;&#34;], &#34;log&#34;: &#34;No log output captured.&#34;}], &#34;full-project/backend/app/services/tests/test_movieService.py::test_search_movie_title_match&#34;: [{&#34;extras&#34;: [], &#34;result&#34;: &#34;Passed&#34;, &#34;testId&#34;: &#34;full-project/backend/app/services/tests/test_movieService.py::test_search_movie_title_match&#34;, &#34;duration&#34;: &#34;1 ms&#34;, &#34;resultsTableRow&#34;: [&#34;&lt;td class=\&#34;col-result\&#34;&gt;Passed&lt;/td&gt;&#34;, &#34;&lt;td class=\&#34;col-testId\&#34;&gt;full-project/backend/app/services/tests/test_movieService.py::test_search_movie_title_match&lt;/td&gt;&#34;, &#34;&lt;td class=\&#34;col-duration\&#34;&gt;1 ms&lt;/td&gt;&#34;, &#34;&lt;td class=\&#34;col-links\&#34;&gt;&lt;/td&gt;&#34;], &#34;log&#34;: &#34;No log output captured.&#34;}], &#34;full-project/backend/app/services/tests/test_movieService.py::test_search_movie_partial_match&#34;: [{&#34;extras&#34;: [], &#34;result&#34;: &#34;Passed&#34;, &#34;testId&#34;: &#34;full-project/backend/app/services/tests/test_movieService.py::test_search_movie_partial_match&#34;, &#34;duration&#34;: &#34;1 ms&#34;, &#34;resultsTableRow&#34;: [&#34;&lt;td class=\&#34;col-result\&#34;&gt;Passed&lt;/td&gt;&#34;, &#34;&lt;td class=\&#34;col-testId\&#34;&gt;full-project/backend/app/services/tests/test_movieService.py::test_search_movie_partial_match&lt;/td&gt;&#34;, &#34;&lt;td class=\&#34;col-duration\&#34;&gt;1 ms&lt;/td&gt;&#34;, &#34;&lt;td class=\&#34;col-links\&#34;&gt;&lt;/td&gt;&#34;], &#34;log&#34;: &#34;No log output captured.&#34;}], &#34;full-project/backend/app/services/tests/test_movieService.py::test_search_movie_no_match&#34;: [{&#34;extras&#34;: [], &#34;result&#34;: &#34;Passed&#34;, &#34;testId&#34;: &#34;full-project/backend/app/services/tests/test_movieService.py::test_search_movie_no_match&#34;, &#34;duration&#34;: &#34;1 ms&#34;, &#34;resultsTableRow&#34;: [&#34;&lt;td class=\&#34;col-result\&#34;&gt;Passed&lt;/td&gt;&#34;, &#34;&lt;td class=\&#34;col-testId\&#34;&gt;full-project/backend/app/services/tests/test_movieService.py::test_search_movie_no_match&lt;/td&gt;&#34;, &#34;&lt;td class=\&#34;col-duration\&#34;&gt;1 ms&lt;/td&gt;&#34;, &#34;&lt;td class=\&#34;col-links\&#34;&gt;&lt;/td&gt;&#34;], &#34;log&#34;: &#34;No log output captured.&#34;}], &#34;full-project/backend/app/services/tests/test_movieService.py::test_delete_movie_removes_correct_id&#34;: [{&#34;extras&#34;: [], &#34;result&#34;: &#34;Passed&#34;, &#34;testId&#34;: &#34;full-project/backend/app/services/tests/test_movieService.py::test_delete_movie_removes_correct_id&#34;, &#34;duration&#34;: &#34;1 ms&#34;, &#34;resultsTableRow&#34;: [&#34;&lt;td class=\&#34;col-result\&#34;&gt;Passed&lt;/td&gt;&#34;, &#34;&lt;td class=\&#34;col-testId\&#34;&gt;full-project/backend/app/services/tests/test_movieService.py::test_delete_movie_removes_correct_id&lt;/td&gt;&#34;, &#34;&lt;td class=\&#34;col-duration\&#34;&gt;1 ms&lt;/td&gt;&#34;, &#34;&lt;td class=\&#34;col-links\&#34;&gt;&lt;/td&gt;&#34;], &#34;log&#34;: &#34;No log output captured.&#34;}], &#34;full-project/backend/app/services/tests/test_movieService.py::test_create_movie&#34;: [{&#34;extras&#34;: [], &#34;result&#34;: &#34;Passed&#34;, &#34;testId&#34;: &#34;full-project/backend/app/services/tests/test_movieService.py::test_create_movie&#34;, &#34;duration&#34;: &#34;1 ms&#34;, &#34;resultsTableRow&#34;: [&#34;&lt;td class=\&#34;col-result\&#34;&gt;Passed&lt;/td&gt;&#34;, &#34;&lt;td class=\&#34;col-testId\&#34;&gt;full-project/backend/app/services/tests/test_movieService.py::test_create_movie&lt;/td&gt;&#34;, &#34;&lt;td class=\&#34;col-duration\&#34;&gt;1 ms&lt;/td&gt;&#34;, &#34;&lt;td class=\&#34;col-links\&#34;&gt;&lt;/td&gt;&#34;], &#34;log&#34;: &#34;No log output captured.&#34;}], &#34;full-project/backend/app/services/tests/test_movieService.py::test_update_movie&#34;: [{&#34;extras&#34;: [], &#34;result&#34;: &#34;Passed&#34;, &#34;testId&#34;: &#34;full-project/backend/app/services/tests/test_movieService.py::test_update_movie&#34;, &#34;duration&#34;: &#34;1 ms&#34;, &#34;resultsTableRow&#34;: [&#34;&lt;td class=\&#34;col-result\&#34;&gt;Passed&lt;/td&gt;&#34;, &#34;&lt;td class=\&#34;col-testId\&#34;&gt;full-project/backend/app/services/tests/test_movieService.py::test_update_movie&lt;/td&gt;&#34;, &#34;&lt;td class=\&#34;col-duration\&#34;&gt;1 ms&lt;/td&gt;&#34;, &#34;&lt;td class=\&#34;col-links\&#34;&gt;&lt;/td&gt;&#34;], &#34;log&#34;: &#34;No log output captured.&#34;}], &#34;full-project/backend/app/services/tests/test_movieService.py::test_get_movie_by_filter_genre&#34;: [{&#34;extras&#34;: [], &#34;result&#34;: &#34;Passed&#34;, &#34;testId&#34;: &#34;full-project/backend/app/services/tests/test_movieService.py::test_get_movie_by_filter_genre&#34;, &#34;duration&#34;: &#34;1 ms&#34;, &#34;resultsTableRow&#34;: [&#34;&lt;td class=\&#34;col-result\&#34;&gt;Passed&lt;/td&gt;&#34;, &#34;&lt;td class=\&#34;col-testId\&#34;&gt;full-project/backend/app/services/tests/test_movieService.py::test_get_movie_by_filter_genre&lt;/td&gt;&#34;, &#34;&lt;td class=\&#34;col-duration\&#34;&gt;1 ms&lt;/td&gt;&#34;, &#34;&lt;td class=\&#34;col-links\&#34;&gt;&lt;/td&gt;&#34;], &#34;log&#34;: &#34;No log output captured.&#34;}], &#34;full-project/backend/app/services/tests/test_movieService.py::test_get_movie_by_filter_year&#34;: [{&#34;extras&#34;: [], &#34;result&#34;: &#34;Passed&#34;, &#34;testId&#34;: &#34;full-project/backend/app/services/tests/test_movieService.py::test_get_movie_by_filter_year&#34;, &#34;duration&#34;: &#34;1 ms&#34;, &#34;resultsTableRow&#34;: [&#34;&lt;td class=\&#34;col-result\&#34;&gt;Passed&lt;/td&gt;&#34;, &#34;&lt;td class=\&#34;col-testId\&#34;&gt;full-project/backend/app/services/tests/test_movieService.py::test_get_movie_by_filter_year&lt;/td&gt;&#34;, &#34;&lt;td class=\&#34;col-duration\&#34;&gt;1 ms&lt;/td&gt;&#34;, &#34;&lt;td class=\&#34;col-links\&#34;&gt;&lt;/td&gt;&#34;], &#34;log&#34;: &#34;No log output captured.&#34;}], &#34;full-project/backend/app/services/tests/test_movieService.py::test_get_movie_by_filter_director&#34;: [{&#34;extras&#34;: [], &#34;result&#34;: &#34;Passed&#34;, &#34;testId&#34;: &#34;full-project/backend/app/services/tests/test_movieService.py::test_get_movie_by_filter_director&#34;, &#34;duration&#34;: &#34;1 ms&#34;, &#34;resultsTableRow&#34;: [&#34;&lt;td class=\&#34;col-result\&#34;&gt;Passed&lt;/td&gt;&#34;, &#34;&lt;td class=\&#34;col-testId\&#34;&gt;full-project/backend/app/services/tests/test_movieService.py::test_get_movie_by_filter_director&lt;/td&gt;&#34;, &#34;&lt;td class=\&#34;col-duration\&#34;&gt;1 ms&lt;/td&gt;&#34;, &#34;&lt;td class=\&#34;col-links\&#34;&gt;&lt;/td&gt;&#34;], &#34;log&#34;: &#34;No log output captured.&#34;}], &#34;full-project/backend/app/services/tests/test_movieService.py::test_get_movie_by_filter_star&#34;: [{&#34;extras&#34;: [], &#34;result&#34;: &#34;Passed&#34;, &#34;testId&#34;: &#34;full-project/backend/app/services/tests/test_movieService.py::test_get_movie_by_filter_star&#34;, &#34;duration&#34;: &#34;1 ms&#34;, &#34;resultsTableRow&#34;: [&#34;&lt;td class=\&#34;col-result\&#34;&gt;Passed&lt;/td&gt;&#34;, &#34;&lt;td class=\&#34;col-testId\&#34;&gt;full-project/backend/app/services/tests/test_movieService.py::test_get_movie_by_filter_star&lt;/td&gt;&#34;, &#34;&lt;td class=\&#34;col-duration\&#34;&gt;1 ms&lt;/td&gt;&#34;, &#34;&lt;td class=\&#34;col-links\&#34;&gt;&lt;/td&gt;&#34;], &#34;log&#34;: &#34;No log output captured.&#34;}], &#34;full-project/backend/app/services/tests/test_replyService.py::test_list_replies_for_review&#34;: [{&#34;extras&#34;: [], &#34;result&#34;: &#34;Passed&#34;, &#34;testId&#34;: &#34;full-project/backend/app/services/tests/test_replyService.py::test_list_replies_for_review&#34;, &#34;duration&#34;: &#34;1 ms&#34;, &#34;resultsTableRow&#34;: [&#34;&lt;td class=\&#34;col-result\&#34;&gt;Passed&lt;/td&gt;&#34;, &#34;&lt;td class=\&#34;col-testId\&#34;&gt;full-project/backend/app/services/tests/test_replyService.py::test_list_replies_for_review&lt;/td&gt;&#34;, &#34;&lt;td class=\&#34;col-duration\&#34;&gt;1 ms&lt;/td&gt;&#34;, &#34;&lt;td class=\&#34;col-links\&#34;&gt;&lt;/td&gt;&#34;], &#34;log&#34;: &#34;No log output captured.&#34;}], &#34;full-project/backend/app/services/tests/test_replyService.py::test_create_reply&#34;: [{&#34;extras&#34;: [], &#34;result&#34;: &#34;Passed&#34;, &#34;testId&#34;: &#34;full-project/backend/app/services/tests/test_replyService.py::test_create_reply&#34;, &#34;duration&#34;: &#34;2 ms&#34;, &#34;resultsTableRow&#34;: [&#34;&lt;td class=\&#34;col-result\&#34;&gt;Passed&lt;/td&gt;&#34;, &#34;&lt;td class=\&#34;col-testId\&#34;&gt;full-project/backend/app/services/tests/test_replyService.py::test_create_reply&lt;/td&gt;&#34;, &#34;&lt;td class=\&#34;col-duration\&#34;&gt;2 ms&lt;/td&gt;&#34;, &#34;&lt;td class=\&#34;col-links\&#34;&gt;&lt;/td&gt;&#34;], &#34;log&#34;: &#34;No log output captured.&#34;}], &#34;full-project/backend/app/services/tests/test_reviewService.py::test_search_by_movie_id&#34;: [{&#34;extras&#34;: [], &#34;result&#34;: &#34;Passed&#34;, &#34;testId&#34;: &#34;full-project/backend/app/services/tests/test_reviewService.py::test_search_by_movie_id&#34;, &#34;duration&#34;: &#34;1 ms&#34;, &#34;resultsTableRow&#34;: [&#34;&lt;td class=\&#34;col-result\&#34;&gt;Passed&lt;/td&gt;&#34;, &#34;&lt;td class=\&#34;col-testId\&#34;&gt;full-project/backend/app/services/tests/test_reviewService.py::test_search_by_movie_id&lt;/td&gt;&#34;, &#34;&lt;td class=\&#34;col-duration\&#34;&gt;1 ms&lt;/td&gt;&#34;, &#34;&lt;td class=\&#34;col-links\&#34;&gt;&lt;/td&gt;&#34;], &#34;log&#34;: &#34;No log output captured.&#34;}], &#34;full-project/backend/app/services/tests/test_reviewService.py::test_search_by_movie_title&#34;: [{&#34;extras&#34;: [], &#34;result&#34;: &#34;Passed&#34;, &#34;testId&#34;: &#34;full-project/backend/app/services/tests/test_reviewService.py::test_search_by_movie_title&#34;, &#34;duration&#34;: &#34;1 ms&#34;, &#34;resultsTableRow&#34;: [&#34;&lt;td class=\&#34;col-result\&#34;&gt;Passed&lt;/td&gt;&#34;, &#34;&lt;td class=\&#34;col-testId\&#34;&gt;full-project/backend/app/services/tests/test_reviewService.py::test_search_by_movie_title&lt;/td&gt;&#34;, &#34;&lt;td class=\&#34;col-duration\&#34;&gt;1 ms&lt;/td&gt;&#34;, &#34;&lt;td class=\&#34;col-links\&#34;&gt;&lt;/td&gt;&#34;], &#34;log&#34;: &#34;No log output captured.&#34;}], &#34;full-project/backend/app/services/tests/test_reviewService.py::test_list_reviews&#34;: [{&#34;extras&#34;: [], &#34;result&#34;: &#34;Passed&#34;, &#34;testId&#34;: &#34;full-project/backend/app/services/tests/test_reviewService.py::test_list_reviews&#34;, &#34;duration&#34;: &#34;2 ms&#34;, &#34;resultsTableRow&#34;: [&#34;&lt;td class=\&#34;col-result\&#34;&gt;Passed&lt;/td&gt;&#34;, &#34;&lt;td class=\&#34;col-testId\&#34;&gt;full-project/backend/app/services/tests/test_reviewService.py::test_list_reviews&lt;/td&gt;&#34;, &#34;&lt;td class=\&#34;col-duration\&#34;&gt;2 ms&lt;/td&gt;&#34;, &#34;&lt;td class=\&#34;col-links\&#34;&gt;&lt;/td&gt;&#34;], &#34;log&#34;: &#34;No log output captured.&#34;}], &#34;full-project/backend/app/services/tests/test_reviewService.py::test_create_review&#34;: [{&#34;extras&#34;: [], &#34;result&#34;: &#34;Passed&#34;, &#34;testId&#34;: &#34;full-project/backend/app/services/tests/test_reviewService.py::test_create_review&#34;, &#34;duration&#34;: &#34;2 ms&#34;, &#34;resultsTableRow&#34;: [&#34;&lt;td class=\&#34;col-result\&#34;&gt;Passed&lt;/td&gt;&#34;, &#34;&lt;td class=\&#34;col-testId\&#34;&gt;full-project/backend/app/services/tests/test_reviewService.py::test_create_review&lt;/td&gt;&#34;, &#34;&lt;td class=\&#34;col-duration\&#34;&gt;2 ms&lt;/td&gt;&#34;, &#34;&lt;td class=\&#34;col-links\&#34;&gt;&lt;/td&gt;&#34;], &#34;log&#34;: &#34;No log output captured.&#34;}], &#34;full-project/backend/app/services/tests/test_reviewService.py::test_get_review_by_id_found&#34;: [{&#34;extras&#34;: [], &#34;result&#34;: &#34;Passed&#34;, &#34;testId&#34;: &#34;full-project/backend/app/services/tests/test_reviewService.py::test_get_review_by_id_found&#34;, &#34;duration&#34;: &#34;1 ms&#34;, &#34;resultsTableRow&#34;: [&#34;&lt;td class=\&#34;col-result\&#34;&gt;Passed&lt;/td&gt;&#34;, &#34;&lt;td class=\&#34;col-testId\&#34;&gt;full-project/backend/app/services/tests/test_reviewService.py::test_get_review_by_id_found&lt;/td&gt;&#34;, &#34;&lt;td class=\&#34;col-duration\&#34;&gt;1 ms&lt;/td&gt;&#34;, &#34;&lt;td class=\&#34;col-links\&#34;&gt;&lt;/td&gt;&#34;], &#34;log&#34;: &#34;No log output captured.&#34;}], &#34;full-project/backend/app/services/tests/test_reviewService.py::test_get_review_by_id_not_found&#34;: [{&#34;extras&#34;: [], &#34;result&#34;: &#34;Passed&#34;, &#34;testId&#34;: &#34;full-project/backend/app/services/tests/test_reviewService.py::test_get_review_by_id_not_found&#34;, &#34;duration&#34;: &#34;1 ms&#34;, &#34;resultsTableRow&#34;: [&#34;&lt;td class=\&#34;col-result\&#34;&gt;Passed&lt;/td&gt;&#34;, &#34;&lt;td class=\&#34;col-testId\&#34;&gt;full-project/backend/app/services/tests/test_reviewService.py::test_get_review_by_id_not_found&lt;/td&gt;&#34;, &#34;&lt;td class=\&#34;col-duration\&#34;&gt;1 ms&lt;/td&gt;&#34;, &#34;&lt;td class=\&#34;col-links\&#34;&gt;&lt;/td&gt;&#34;], &#34;log&#34;: &#34;No log output captured.&#34;}], &#34;full-project/backend/app/services/tests/test_reviewService.py::test_update_review&#34;: [{&#34;extras&#34;: [], &#34;result&#34;: &#34;Passed&#34;, &#34;testId&#34;: &#34;full-project/backend/app/services/tests/test_reviewService.py::test_update_review&#34;, &#34;duration&#34;: &#34;2 ms&#34;, &#34;resultsTableRow&#34;: [&#34;&lt;td class=\&#34;col-result\&#34;&gt;Passed&lt;/td&gt;&#34;, &#34;&lt;td class=\&#34;col-testId\&#34;&gt;full-project/backend/app/services/tests/test_reviewService.py::test_update_review&lt;/td&gt;&#34;, &#34;&lt;td class=\&#34;col-duration\&#34;&gt;2 ms&lt;/td&gt;&#34;, &#34;&lt;td class=\&#34;col-links\&#34;&gt;&lt;/td&gt;&#34;], &#34;log&#34;: &#34;No log output captured.&#34;}], &#34;full-project/backend/app/services/tests/test_reviewService.py::test_update_review_not_found&#34;: [{&#34;extras&#34;: [], &#34;result&#34;: &#34;Passed&#34;, &#34;testId&#34;: &#34;full-project/backend/app/services/tests/test_reviewService.py::test_update_review_not_found&#34;, &#34;duration&#34;: &#34;1 ms&#34;, &#34;resultsTableRow&#34;: [&#34;&lt;td class=\&#34;col-result\&#34;&gt;Passed&lt;/td&gt;&#34;, &#34;&lt;td class=\&#34;col-testId\&#34;&gt;full-project/backend/app/services/tests/test_reviewService.py::test_update_review_not_found&lt;/td&gt;&#34;, &#34;&lt;td class=\&#34;col-duration\&#34;&gt;1 ms&lt;/td&gt;&#34;, &#34;&lt;td class=\&#34;col-links\&#34;&gt;&lt;/td&gt;&#34;], &#34;log&#34;: &#34;No log output captured.&#34;}], &#34;full-project/backend/app/services/tests/test_reviewService.py::test_delete_review_success&#34;: [{&#34;extras&#34;: [], &#34;result&#34;: &#34;Passed&#34;, &#34;testId&#34;: &#34;full-project/backend/app/services/tests/test_reviewService.py::test_delete_review_success&#34;, &#34;duration&#34;: &#34;5 ms&#34;, &#34;resultsTableRow&#34;: [&#34;&lt;td class=\&#34;col-result\&#34;&gt;Passed&lt;/td&gt;&#34;, &#34;&lt;td class=\&#34;col-testId\&#34;&gt;full-project/backend/app/services/tests/test_reviewService.py::test_delete_review_success&lt;/td&gt;&#34;, &#34;&lt;td class=\&#34;col-duration\&#34;&gt;5 ms&lt;/td&gt;&#34;, &#34;&lt;td class=\&#34;col-links\&#34;&gt;&lt;/td&gt;&#34;], &#34;log&#34;: &#34;No log output captured.&#34;}], &#34;full-project/backend/app/services/tests/test_reviewService.py::test_delete_review_not_found&#34;: [{&#34;extras&#34;: [], &#34;result&#34;: &#34;Passed&#34;, &#34;testId&#34;: &#34;full-project/backend/app/services/tests/test_reviewService.py::test_delete_review_not_found&#34;, &#34;duration&#34;: &#34;2 ms&#34;, &#34;resultsTableRow&#34;: [&#34;&lt;td class=\&#34;col-result\&#34;&gt;Passed&lt;/td&gt;&#34;, &#34;&lt;td class=\&#34;col-testId\&#34;&gt;full-project/backend/app/services/tests/test_reviewService.py::test_delete_review_not_found&lt;/td&gt;&#34;, &#34;&lt;td class=\&#34;col-duration\&#34;&gt;2 ms&lt;/td&gt;&#34;, &#34;&lt;td class=\&#34;col-links\&#34;&gt;&lt;/td&gt;&#34;], &#34;log&#34;: &#34;No log output captured.&#34;}], &#34;full-project/backend/app/services/tests/test_userService.py::test_list_users&#34;: [{&#34;extras&#34;: [], &#34;result&#34;: &#34;Passed&#34;, &#34;testId&#34;: &#34;full-project/backend/app/services/tests/test_userService.py::test_list_users&#34;, &#34;duration&#34;: &#34;1 ms&#34;, &#34;resultsTableRow&#34;: [&#34;&lt;td class=\&#34;col-result\&#34;&gt;Passed&lt;/td&gt;&#34;, &#34;&lt;td class=\&#34;col-testId\&#34;&gt;full-project/backend/app/services/tests/test_userService.py::test_list_users&lt;/td&gt;&#34;, &#34;&lt;td class=\&#34;col-duration\&#34;&gt;1 ms&lt;/td&gt;&#34;, &#34;&lt;td class=\&#34;col-links\&#34;&gt;&lt;/td&gt;&#34;], &#34;log&#34;: &#34;No log output captured.&#34;}], &#34;full-project/backend/app/services/tests/test_userService.py::test_create_user&#34;: [{&#34;extras&#34;: [], &#34;result&#34;: &#34;Failed&#34;, &#34;testId&#34;: &#34;full-project/backend/app/services/tests/test_userService.py::test_create_user&#34;, &#34;duration&#34;: &#34;130 ms&#34;, &#34;resultsTableRow&#34;: [&#34;&lt;td class=\&#34;col-result\&#34;&gt;Failed&lt;/td&gt;&#34;, &#34;&lt;td class=\&#34;col-testId\&#34;&gt;full-project/backend/app/services/tests/test_userService.py::test_create_user&lt;/td&gt;&#34;, &#34;&lt;td class=\&#34;col-duration\&#34;&gt;130 ms&lt;/td&gt;&#34;, &#34;&lt;td class=\&#34;col-links\&#34;&gt;&lt;/td&gt;&#34;], &#34;log&#34;: &#34;mock_load = &amp;lt;MagicMock name=&amp;#x27;loadAll&amp;#x27; id=&amp;#x27;1532930833872&amp;#x27;&amp;gt;\nmock_save = &amp;lt;MagicMock name=&amp;#x27;saveAll&amp;#x27; id=&amp;#x27;1532930820304&amp;#x27;&amp;gt;\nfake_users = [{&amp;#x27;age&amp;#x27;: 25, &amp;#x27;email&amp;#x27;: &amp;#x27;alex@example.com&amp;#x27;, &amp;#x27;firstName&amp;#x27;: &amp;#x27;Alex&amp;#x27;, &amp;#x27;id&amp;#x27;: 1, ...}, {&amp;#x27;age&amp;#x27;: 30, &amp;#x27;email&amp;#x27;: &amp;#x27;jade@example.com&amp;#x27;, &amp;#x27;firstName&amp;#x27;: &amp;#x27;Jade&amp;#x27;, &amp;#x27;id&amp;#x27;: 2, ...}]\n\n    @patch(&amp;quot;app.services.userService.saveAll&amp;quot;)\n    @patch(&amp;quot;app.services.userService.loadAll&amp;quot;)\n    def test_create_user(mock_load, mock_save, fake_users):\n        mock_load.return_value = fake_users\n    \n        payload = UserCreate(\n            firstName=&amp;quot;Sam&amp;quot;,\n            lastName=&amp;quot;Hill&amp;quot;,\n            age=22,\n            email=&amp;quot;sam@example.com&amp;quot;,\n            username=&amp;quot;samh&amp;quot;,\n            pw=&amp;quot;pass123&amp;quot;,\n            role=&amp;quot;user&amp;quot;,\n        )\n    \n&amp;gt;       new_user = userService.createUser(payload)\n                   ^^^^^^^^^^^^^^^^^^^^^^^^^^^^^^^\n\nfull-project\\backend\\app\\services\\tests\\test_userService.py:61: \n_ _ _ _ _ _ _ _ _ _ _ _ _ _ _ _ _ _ _ _ _ _ _ _ _ _ _ _ _ _ _ _ \nfull-project\\backend\\app\\services\\userService.py:32: in createUser\n    hashed_pw = hashPassword(payload.pw.strip())\n                ^^^^^^^^^^^^^^^^^^^^^^^^^^^^^^^^\nfull-project\\backend\\app\\utilities\\security.py:19: in hashPassword\n    return pwdContext.hash(password)\n           ^^^^^^^^^^^^^^^^^^^^^^^^^\nfull-project\\backend\\backendvenv\\Lib\\site-packages\\passlib\\context.py:2258: in hash\n    return record.hash(secret, **kwds)\n           ^^^^^^^^^^^^^^^^^^^^^^^^^^^\nfull-project\\backend\\backendvenv\\Lib\\site-packages\\passlib\\utils\\handlers.py:779: in hash\n    self.checksum = self._calc_checksum(secret)\n                    ^^^^^^^^^^^^^^^^^^^^^^^^^^^\nfull-project\\backend\\backendvenv\\Lib\\site-packages\\passlib\\handlers\\bcrypt.py:591: in _calc_checksum\n    self._stub_requires_backend()\nfull-project\\backend\\backendvenv\\Lib\\site-packages\\passlib\\utils\\handlers.py:2254: in _stub_requires_backend\n    cls.set_backend()\nfull-project\\backend\\backendvenv\\Lib\\site-packages\\passlib\\utils\\handlers.py:2156: in set_backend\n    return owner.set_backend(name, dryrun=dryrun)\n           ^^^^^^^^^^^^^^^^^^^^^^^^^^^^^^^^^^^^^^\nfull-project\\backend\\backendvenv\\Lib\\site-packages\\passlib\\utils\\handlers.py:2163: in set_backend\n    return cls.set_backend(name, dryrun=dryrun)\n           ^^^^^^^^^^^^^^^^^^^^^^^^^^^^^^^^^^^^\nfull-project\\backend\\backendvenv\\Lib\\site-packages\\passlib\\utils\\handlers.py:2188: in set_backend\n    cls._set_backend(name, dryrun)\nfull-project\\backend\\backendvenv\\Lib\\site-packages\\passlib\\utils\\handlers.py:2311: in _set_backend\n    super(SubclassBackendMixin, cls)._set_backend(name, dryrun)\nfull-project\\backend\\backendvenv\\Lib\\site-packages\\passlib\\utils\\handlers.py:2224: in _set_backend\n    ok = loader(**kwds)\n         ^^^^^^^^^^^^^^\nfull-project\\backend\\backendvenv\\Lib\\site-packages\\passlib\\handlers\\bcrypt.py:626: in _load_backend_mixin\n    return mixin_cls._finalize_backend_mixin(name, dryrun)\n           ^^^^^^^^^^^^^^^^^^^^^^^^^^^^^^^^^^^^^^^^^^^^^^^\nfull-project\\backend\\backendvenv\\Lib\\site-packages\\passlib\\handlers\\bcrypt.py:421: in _finalize_backend_mixin\n    if detect_wrap_bug(IDENT_2A):\n       ^^^^^^^^^^^^^^^^^^^^^^^^^\nfull-project\\backend\\backendvenv\\Lib\\site-packages\\passlib\\handlers\\bcrypt.py:380: in detect_wrap_bug\n    if verify(secret, bug_hash):\n       ^^^^^^^^^^^^^^^^^^^^^^^^\nfull-project\\backend\\backendvenv\\Lib\\site-packages\\passlib\\utils\\handlers.py:792: in verify\n    return consteq(self._calc_checksum(secret), chk)\n                   ^^^^^^^^^^^^^^^^^^^^^^^^^^^\n_ _ _ _ _ _ _ _ _ _ _ _ _ _ _ _ _ _ _ _ _ _ _ _ _ _ _ _ _ _ _ _ \n\nself = &amp;lt;passlib.handlers.bcrypt._BcryptBackend object at 0x00000164E9885650&amp;gt;\nsecret = b&amp;#x27;01234567890123456789012345678901234567890123456789012345678901234567890123456789012345678901234567890123456789012345...7890123456789012345678901234567890123456789012345678901234567890123456789012345678901234567890123456789012345678901234&amp;#x27;\n\n    def _calc_checksum(self, secret):\n        # bcrypt behavior:\n        #   secret must be bytes\n        #   config must be ascii bytes\n        #   returns ascii bytes\n        secret, ident = self._prepare_digest_args(secret)\n        config = self._get_config(ident)\n        if isinstance(config, unicode):\n            config = config.encode(&amp;quot;ascii&amp;quot;)\n&amp;gt;       hash = _bcrypt.hashpw(secret, config)\n               ^^^^^^^^^^^^^^^^^^^^^^^^^^^^^^\nE       ValueError: password cannot be longer than 72 bytes, truncate manually if necessary (e.g. my_password[:72])\n\nfull-project\\backend\\backendvenv\\Lib\\site-packages\\passlib\\handlers\\bcrypt.py:655: ValueError\n\n------------------------------ Captured log call -------------------------------\nWARNING  passlib.handlers.bcrypt:bcrypt.py:622 (trapped) error reading bcrypt version\nTraceback (most recent call last):\n  File &amp;quot;C:\\Users\\somto\\OneDrive - Lancaster University\\UBC work\\Software engineering\\310-COSC\\full-project\\backend\\backendvenv\\Lib\\site-packages\\passlib\\handlers\\bcrypt.py&amp;quot;, line 620, in _load_backend_mixin\n    version = _bcrypt.__about__.__version__\n              ^^^^^^^^^^^^^^^^^\nAttributeError: module &amp;#x27;bcrypt&amp;#x27; has no attribute &amp;#x27;__about__&amp;#x27;\n\n&#34;}], &#34;full-project/backend/app/services/tests/test_userService.py::test_get_user_by_id_found&#34;: [{&#34;extras&#34;: [], &#34;result&#34;: &#34;Passed&#34;, &#34;testId&#34;: &#34;full-project/backend/app/services/tests/test_userService.py::test_get_user_by_id_found&#34;, &#34;duration&#34;: &#34;1 ms&#34;, &#34;resultsTableRow&#34;: [&#34;&lt;td class=\&#34;col-result\&#34;&gt;Passed&lt;/td&gt;&#34;, &#34;&lt;td class=\&#34;col-testId\&#34;&gt;full-project/backend/app/services/tests/test_userService.py::test_get_user_by_id_found&lt;/td&gt;&#34;, &#34;&lt;td class=\&#34;col-duration\&#34;&gt;1 ms&lt;/td&gt;&#34;, &#34;&lt;td class=\&#34;col-links\&#34;&gt;&lt;/td&gt;&#34;], &#34;log&#34;: &#34;No log output captured.&#34;}], &#34;full-project/backend/app/services/tests/test_userService.py::test_get_user_by_id_not_found&#34;: [{&#34;extras&#34;: [], &#34;result&#34;: &#34;Passed&#34;, &#34;testId&#34;: &#34;full-project/backend/app/services/tests/test_userService.py::test_get_user_by_id_not_found&#34;, &#34;duration&#34;: &#34;1 ms&#34;, &#34;resultsTableRow&#34;: [&#34;&lt;td class=\&#34;col-result\&#34;&gt;Passed&lt;/td&gt;&#34;, &#34;&lt;td class=\&#34;col-testId\&#34;&gt;full-project/backend/app/services/tests/test_userService.py::test_get_user_by_id_not_found&lt;/td&gt;&#34;, &#34;&lt;td class=\&#34;col-duration\&#34;&gt;1 ms&lt;/td&gt;&#34;, &#34;&lt;td class=\&#34;col-links\&#34;&gt;&lt;/td&gt;&#34;], &#34;log&#34;: &#34;No log output captured.&#34;}], &#34;full-project/backend/app/services/tests/test_userService.py::test_update_user_success&#34;: [{&#34;extras&#34;: [], &#34;result&#34;: &#34;Failed&#34;, &#34;testId&#34;: &#34;full-project/backend/app/services/tests/test_userService.py::test_update_user_success&#34;, &#34;duration&#34;: &#34;8 ms&#34;, &#34;resultsTableRow&#34;: [&#34;&lt;td class=\&#34;col-result\&#34;&gt;Failed&lt;/td&gt;&#34;, &#34;&lt;td class=\&#34;col-testId\&#34;&gt;full-project/backend/app/services/tests/test_userService.py::test_update_user_success&lt;/td&gt;&#34;, &#34;&lt;td class=\&#34;col-duration\&#34;&gt;8 ms&lt;/td&gt;&#34;, &#34;&lt;td class=\&#34;col-links\&#34;&gt;&lt;/td&gt;&#34;], &#34;log&#34;: &#34;mock_load = &amp;lt;MagicMock name=&amp;#x27;loadAll&amp;#x27; id=&amp;#x27;1532930364752&amp;#x27;&amp;gt;\nmock_save = &amp;lt;MagicMock name=&amp;#x27;saveAll&amp;#x27; id=&amp;#x27;1532933549776&amp;#x27;&amp;gt;\nfake_users = [{&amp;#x27;age&amp;#x27;: 25, &amp;#x27;email&amp;#x27;: &amp;#x27;alex@example.com&amp;#x27;, &amp;#x27;firstName&amp;#x27;: &amp;#x27;Alex&amp;#x27;, &amp;#x27;id&amp;#x27;: 1, ...}, {&amp;#x27;age&amp;#x27;: 30, &amp;#x27;email&amp;#x27;: &amp;#x27;jade@example.com&amp;#x27;, &amp;#x27;firstName&amp;#x27;: &amp;#x27;Jade&amp;#x27;, &amp;#x27;id&amp;#x27;: 2, ...}]\n\n    @patch(&amp;quot;app.services.userService.saveAll&amp;quot;)\n    @patch(&amp;quot;app.services.userService.loadAll&amp;quot;)\n    def test_update_user_success(mock_load, mock_save, fake_users):\n        mock_load.return_value = fake_users\n    \n        payload = UserUpdate(\n            firstName=&amp;quot;Updated&amp;quot;,\n            lastName=&amp;quot;Name&amp;quot;,\n            age=28,\n            email=&amp;quot;updated@example.com&amp;quot;,\n            username=&amp;quot;updateduser&amp;quot;,\n            pw=&amp;quot;newpw&amp;quot;,\n            role=&amp;quot;admin&amp;quot;,\n        )\n    \n&amp;gt;       updated = userService.updateUser(1, payload)\n                  ^^^^^^^^^^^^^^^^^^^^^^^^^^^^^^^^^^\n\nfull-project\\backend\\app\\services\\tests\\test_userService.py:97: \n_ _ _ _ _ _ _ _ _ _ _ _ _ _ _ _ _ _ _ _ _ _ _ _ _ _ _ _ _ _ _ _ \nfull-project\\backend\\app\\services\\userService.py:77: in updateUser\n    updated_dict[&amp;quot;pw&amp;quot;] = hashPassword(update_data[&amp;quot;pw&amp;quot;])\n                         ^^^^^^^^^^^^^^^^^^^^^^^^^^^^^^^\nfull-project\\backend\\app\\utilities\\security.py:19: in hashPassword\n    return pwdContext.hash(password)\n           ^^^^^^^^^^^^^^^^^^^^^^^^^\nfull-project\\backend\\backendvenv\\Lib\\site-packages\\passlib\\context.py:2258: in hash\n    return record.hash(secret, **kwds)\n           ^^^^^^^^^^^^^^^^^^^^^^^^^^^\nfull-project\\backend\\backendvenv\\Lib\\site-packages\\passlib\\utils\\handlers.py:779: in hash\n    self.checksum = self._calc_checksum(secret)\n                    ^^^^^^^^^^^^^^^^^^^^^^^^^^^\nfull-project\\backend\\backendvenv\\Lib\\site-packages\\passlib\\handlers\\bcrypt.py:591: in _calc_checksum\n    self._stub_requires_backend()\nfull-project\\backend\\backendvenv\\Lib\\site-packages\\passlib\\utils\\handlers.py:2254: in _stub_requires_backend\n    cls.set_backend()\nfull-project\\backend\\backendvenv\\Lib\\site-packages\\passlib\\utils\\handlers.py:2156: in set_backend\n    return owner.set_backend(name, dryrun=dryrun)\n           ^^^^^^^^^^^^^^^^^^^^^^^^^^^^^^^^^^^^^^\nfull-project\\backend\\backendvenv\\Lib\\site-packages\\passlib\\utils\\handlers.py:2163: in set_backend\n    return cls.set_backend(name, dryrun=dryrun)\n           ^^^^^^^^^^^^^^^^^^^^^^^^^^^^^^^^^^^^\nfull-project\\backend\\backendvenv\\Lib\\site-packages\\passlib\\utils\\handlers.py:2188: in set_backend\n    cls._set_backend(name, dryrun)\nfull-project\\backend\\backendvenv\\Lib\\site-packages\\passlib\\utils\\handlers.py:2311: in _set_backend\n    super(SubclassBackendMixin, cls)._set_backend(name, dryrun)\nfull-project\\backend\\backendvenv\\Lib\\site-packages\\passlib\\utils\\handlers.py:2224: in _set_backend\n    ok = loader(**kwds)\n         ^^^^^^^^^^^^^^\nfull-project\\backend\\backendvenv\\Lib\\site-packages\\passlib\\handlers\\bcrypt.py:626: in _load_backend_mixin\n    return mixin_cls._finalize_backend_mixin(name, dryrun)\n           ^^^^^^^^^^^^^^^^^^^^^^^^^^^^^^^^^^^^^^^^^^^^^^^\nfull-project\\backend\\backendvenv\\Lib\\site-packages\\passlib\\handlers\\bcrypt.py:421: in _finalize_backend_mixin\n    if detect_wrap_bug(IDENT_2A):\n       ^^^^^^^^^^^^^^^^^^^^^^^^^\nfull-project\\backend\\backendvenv\\Lib\\site-packages\\passlib\\handlers\\bcrypt.py:380: in detect_wrap_bug\n    if verify(secret, bug_hash):\n       ^^^^^^^^^^^^^^^^^^^^^^^^\nfull-project\\backend\\backendvenv\\Lib\\site-packages\\passlib\\utils\\handlers.py:792: in verify\n    return consteq(self._calc_checksum(secret), chk)\n                   ^^^^^^^^^^^^^^^^^^^^^^^^^^^\n_ _ _ _ _ _ _ _ _ _ _ _ _ _ _ _ _ _ _ _ _ _ _ _ _ _ _ _ _ _ _ _ \n\nself = &amp;lt;passlib.handlers.bcrypt._BcryptBackend object at 0x00000164E9F591D0&amp;gt;\nsecret = b&amp;#x27;01234567890123456789012345678901234567890123456789012345678901234567890123456789012345678901234567890123456789012345...7890123456789012345678901234567890123456789012345678901234567890123456789012345678901234567890123456789012345678901234&amp;#x27;\n\n    def _calc_checksum(self, secret):\n        # bcrypt behavior:\n        #   secret must be bytes\n        #   config must be ascii bytes\n        #   returns ascii bytes\n        secret, ident = self._prepare_digest_args(secret)\n        config = self._get_config(ident)\n        if isinstance(config, unicode):\n            config = config.encode(&amp;quot;ascii&amp;quot;)\n&amp;gt;       hash = _bcrypt.hashpw(secret, config)\n               ^^^^^^^^^^^^^^^^^^^^^^^^^^^^^^\nE       ValueError: password cannot be longer than 72 bytes, truncate manually if necessary (e.g. my_password[:72])\n\nfull-project\\backend\\backendvenv\\Lib\\site-packages\\passlib\\handlers\\bcrypt.py:655: ValueError\n\n------------------------------ Captured log call -------------------------------\nWARNING  passlib.handlers.bcrypt:bcrypt.py:622 (trapped) error reading bcrypt version\nTraceback (most recent call last):\n  File &amp;quot;C:\\Users\\somto\\OneDrive - Lancaster University\\UBC work\\Software engineering\\310-COSC\\full-project\\backend\\backendvenv\\Lib\\site-packages\\passlib\\handlers\\bcrypt.py&amp;quot;, line 620, in _load_backend_mixin\n    version = _bcrypt.__about__.__version__\n              ^^^^^^^^^^^^^^^^^\nAttributeError: module &amp;#x27;bcrypt&amp;#x27; has no attribute &amp;#x27;__about__&amp;#x27;\n\n&#34;}], &#34;full-project/backend/app/services/tests/test_userService.py::test_update_user_not_found&#34;: [{&#34;extras&#34;: [], &#34;result&#34;: &#34;Passed&#34;, &#34;testId&#34;: &#34;full-project/backend/app/services/tests/test_userService.py::test_update_user_not_found&#34;, &#34;duration&#34;: &#34;2 ms&#34;, &#34;resultsTableRow&#34;: [&#34;&lt;td class=\&#34;col-result\&#34;&gt;Passed&lt;/td&gt;&#34;, &#34;&lt;td class=\&#34;col-testId\&#34;&gt;full-project/backend/app/services/tests/test_userService.py::test_update_user_not_found&lt;/td&gt;&#34;, &#34;&lt;td class=\&#34;col-duration\&#34;&gt;2 ms&lt;/td&gt;&#34;, &#34;&lt;td class=\&#34;col-links\&#34;&gt;&lt;/td&gt;&#34;], &#34;log&#34;: &#34;No log output captured.&#34;}], &#34;full-project/backend/app/services/tests/test_userService.py::test_delete_user_success&#34;: [{&#34;extras&#34;: [], &#34;result&#34;: &#34;Passed&#34;, &#34;testId&#34;: &#34;full-project/backend/app/services/tests/test_userService.py::test_delete_user_success&#34;, &#34;duration&#34;: &#34;1 ms&#34;, &#34;resultsTableRow&#34;: [&#34;&lt;td class=\&#34;col-result\&#34;&gt;Passed&lt;/td&gt;&#34;, &#34;&lt;td class=\&#34;col-testId\&#34;&gt;full-project/backend/app/services/tests/test_userService.py::test_delete_user_success&lt;/td&gt;&#34;, &#34;&lt;td class=\&#34;col-duration\&#34;&gt;1 ms&lt;/td&gt;&#34;, &#34;&lt;td class=\&#34;col-links\&#34;&gt;&lt;/td&gt;&#34;], &#34;log&#34;: &#34;No log output captured.&#34;}], &#34;full-project/backend/app/services/tests/test_userService.py::test_delete_user_not_found&#34;: [{&#34;extras&#34;: [], &#34;result&#34;: &#34;Passed&#34;, &#34;testId&#34;: &#34;full-project/backend/app/services/tests/test_userService.py::test_delete_user_not_found&#34;, &#34;duration&#34;: &#34;1 ms&#34;, &#34;resultsTableRow&#34;: [&#34;&lt;td class=\&#34;col-result\&#34;&gt;Passed&lt;/td&gt;&#34;, &#34;&lt;td class=\&#34;col-testId\&#34;&gt;full-project/backend/app/services/tests/test_userService.py::test_delete_user_not_found&lt;/td&gt;&#34;, &#34;&lt;td class=\&#34;col-duration\&#34;&gt;1 ms&lt;/td&gt;&#34;, &#34;&lt;td class=\&#34;col-links\&#34;&gt;&lt;/td&gt;&#34;], &#34;log&#34;: &#34;No log output captured.&#34;}], &#34;full-project/backend/app/tools/test_Paths.py::test_path_exists&#34;: [{&#34;extras&#34;: [], &#34;result&#34;: &#34;Error&#34;, &#34;testId&#34;: &#34;full-project/backend/app/tools/test_Paths.py::test_path_exists::setup&#34;, &#34;duration&#34;: &#34;1 ms&#34;, &#34;resultsTableRow&#34;: [&#34;&lt;td class=\&#34;col-result\&#34;&gt;Error&lt;/td&gt;&#34;, &#34;&lt;td class=\&#34;col-testId\&#34;&gt;full-project/backend/app/tools/test_Paths.py::test_path_exists::setup&lt;/td&gt;&#34;, &#34;&lt;td class=\&#34;col-duration\&#34;&gt;1 ms&lt;/td&gt;&#34;, &#34;&lt;td class=\&#34;col-links\&#34;&gt;&lt;/td&gt;&#34;], &#34;log&#34;: &#34;file C:\\Users\\somto\\OneDrive - Lancaster University\\UBC work\\Software engineering\\310-COSC\\full-project\\backend\\app\\tools\\test_Paths.py, line 5\n  def test_path_exists(tmp_path, mocker):\nE       fixture &amp;#x27;mocker&amp;#x27; not found\n&amp;gt;       available fixtures: anyio_backend, anyio_backend_name, anyio_backend_options, cache, capfd, capfdbinary, caplog, capsys, capsysbinary, capteesys, cov, doctest_namespace, extra, extras, free_tcp_port, free_tcp_port_factory, free_udp_port, free_udp_port_factory, include_metadata_in_junit_xml, metadata, monkeypatch, no_cover, pytestconfig, record_property, record_testsuite_property, record_xml_attribute, recwarn, subtests, tmp_path, tmp_path_factory, tmpdir, tmpdir_factory\n&amp;gt;       use &amp;#x27;pytest --fixtures [testpath]&amp;#x27; for help on them.\n\nC:\\Users\\somto\\OneDrive - Lancaster University\\UBC work\\Software engineering\\310-COSC\\full-project\\backend\\app\\tools\\test_Paths.py:5\n&#34;}], &#34;full-project/backend/app/tools/test_Paths.py::test_path_not_found&#34;: [{&#34;extras&#34;: [], &#34;result&#34;: &#34;Error&#34;, &#34;testId&#34;: &#34;full-project/backend/app/tools/test_Paths.py::test_path_not_found::setup&#34;, &#34;duration&#34;: &#34;1 ms&#34;, &#34;resultsTableRow&#34;: [&#34;&lt;td class=\&#34;col-result\&#34;&gt;Error&lt;/td&gt;&#34;, &#34;&lt;td class=\&#34;col-testId\&#34;&gt;full-project/backend/app/tools/test_Paths.py::test_path_not_found::setup&lt;/td&gt;&#34;, &#34;&lt;td class=\&#34;col-duration\&#34;&gt;1 ms&lt;/td&gt;&#34;, &#34;&lt;td class=\&#34;col-links\&#34;&gt;&lt;/td&gt;&#34;], &#34;log&#34;: &#34;file C:\\Users\\somto\\OneDrive - Lancaster University\\UBC work\\Software engineering\\310-COSC\\full-project\\backend\\app\\tools\\test_Paths.py, line 14\n  def test_path_not_found(tmp_path, mocker):\nE       fixture &amp;#x27;mocker&amp;#x27; not found\n&amp;gt;       available fixtures: anyio_backend, anyio_backend_name, anyio_backend_options, cache, capfd, capfdbinary, caplog, capsys, capsysbinary, capteesys, cov, doctest_namespace, extra, extras, free_tcp_port, free_tcp_port_factory, free_udp_port, free_udp_port_factory, include_metadata_in_junit_xml, metadata, monkeypatch, no_cover, pytestconfig, record_property, record_testsuite_property, record_xml_attribute, recwarn, subtests, tmp_path, tmp_path_factory, tmpdir, tmpdir_factory\n&amp;gt;       use &amp;#x27;pytest --fixtures [testpath]&amp;#x27; for help on them.\n\nC:\\Users\\somto\\OneDrive - Lancaster University\\UBC work\\Software engineering\\310-COSC\\full-project\\backend\\app\\tools\\test_Paths.py:14\n&#34;}], &#34;full-project/backend/app/utilities/test_security.py::test_hash_password_generates_hash&#34;: [{&#34;extras&#34;: [], &#34;result&#34;: &#34;Failed&#34;, &#34;testId&#34;: &#34;full-project/backend/app/utilities/test_security.py::test_hash_password_generates_hash&#34;, &#34;duration&#34;: &#34;9 ms&#34;, &#34;resultsTableRow&#34;: [&#34;&lt;td class=\&#34;col-result\&#34;&gt;Failed&lt;/td&gt;&#34;, &#34;&lt;td class=\&#34;col-testId\&#34;&gt;full-project/backend/app/utilities/test_security.py::test_hash_password_generates_hash&lt;/td&gt;&#34;, &#34;&lt;td class=\&#34;col-duration\&#34;&gt;9 ms&lt;/td&gt;&#34;, &#34;&lt;td class=\&#34;col-links\&#34;&gt;&lt;/td&gt;&#34;], &#34;log&#34;: &#34;def test_hash_password_generates_hash():\n        plain_pw = &amp;quot;supersecret123&amp;quot;\n&amp;gt;       hashed_pw = hashPassword(plain_pw)\n                    ^^^^^^^^^^^^^^^^^^^^^^\n\nfull-project\\backend\\app\\utilities\\test_security.py:13: \n_ _ _ _ _ _ _ _ _ _ _ _ _ _ _ _ _ _ _ _ _ _ _ _ _ _ _ _ _ _ _ _ \nfull-project\\backend\\app\\utilities\\security.py:19: in hashPassword\n    return pwdContext.hash(password)\n           ^^^^^^^^^^^^^^^^^^^^^^^^^\nfull-project\\backend\\backendvenv\\Lib\\site-packages\\passlib\\context.py:2258: in hash\n    return record.hash(secret, **kwds)\n           ^^^^^^^^^^^^^^^^^^^^^^^^^^^\nfull-project\\backend\\backendvenv\\Lib\\site-packages\\passlib\\utils\\handlers.py:779: in hash\n    self.checksum = self._calc_checksum(secret)\n                    ^^^^^^^^^^^^^^^^^^^^^^^^^^^\nfull-project\\backend\\backendvenv\\Lib\\site-packages\\passlib\\handlers\\bcrypt.py:591: in _calc_checksum\n    self._stub_requires_backend()\nfull-project\\backend\\backendvenv\\Lib\\site-packages\\passlib\\utils\\handlers.py:2254: in _stub_requires_backend\n    cls.set_backend()\nfull-project\\backend\\backendvenv\\Lib\\site-packages\\passlib\\utils\\handlers.py:2156: in set_backend\n    return owner.set_backend(name, dryrun=dryrun)\n           ^^^^^^^^^^^^^^^^^^^^^^^^^^^^^^^^^^^^^^\nfull-project\\backend\\backendvenv\\Lib\\site-packages\\passlib\\utils\\handlers.py:2163: in set_backend\n    return cls.set_backend(name, dryrun=dryrun)\n           ^^^^^^^^^^^^^^^^^^^^^^^^^^^^^^^^^^^^\nfull-project\\backend\\backendvenv\\Lib\\site-packages\\passlib\\utils\\handlers.py:2188: in set_backend\n    cls._set_backend(name, dryrun)\nfull-project\\backend\\backendvenv\\Lib\\site-packages\\passlib\\utils\\handlers.py:2311: in _set_backend\n    super(SubclassBackendMixin, cls)._set_backend(name, dryrun)\nfull-project\\backend\\backendvenv\\Lib\\site-packages\\passlib\\utils\\handlers.py:2224: in _set_backend\n    ok = loader(**kwds)\n         ^^^^^^^^^^^^^^\nfull-project\\backend\\backendvenv\\Lib\\site-packages\\passlib\\handlers\\bcrypt.py:626: in _load_backend_mixin\n    return mixin_cls._finalize_backend_mixin(name, dryrun)\n           ^^^^^^^^^^^^^^^^^^^^^^^^^^^^^^^^^^^^^^^^^^^^^^^\nfull-project\\backend\\backendvenv\\Lib\\site-packages\\passlib\\handlers\\bcrypt.py:421: in _finalize_backend_mixin\n    if detect_wrap_bug(IDENT_2A):\n       ^^^^^^^^^^^^^^^^^^^^^^^^^\nfull-project\\backend\\backendvenv\\Lib\\site-packages\\passlib\\handlers\\bcrypt.py:380: in detect_wrap_bug\n    if verify(secret, bug_hash):\n       ^^^^^^^^^^^^^^^^^^^^^^^^\nfull-project\\backend\\backendvenv\\Lib\\site-packages\\passlib\\utils\\handlers.py:792: in verify\n    return consteq(self._calc_checksum(secret), chk)\n                   ^^^^^^^^^^^^^^^^^^^^^^^^^^^\n_ _ _ _ _ _ _ _ _ _ _ _ _ _ _ _ _ _ _ _ _ _ _ _ _ _ _ _ _ _ _ _ \n\nself = &amp;lt;passlib.handlers.bcrypt._BcryptBackend object at 0x00000164E9A6D350&amp;gt;\nsecret = b&amp;#x27;01234567890123456789012345678901234567890123456789012345678901234567890123456789012345678901234567890123456789012345...7890123456789012345678901234567890123456789012345678901234567890123456789012345678901234567890123456789012345678901234&amp;#x27;\n\n    def _calc_checksum(self, secret):\n        # bcrypt behavior:\n        #   secret must be bytes\n        #   config must be ascii bytes\n        #   returns ascii bytes\n        secret, ident = self._prepare_digest_args(secret)\n        config = self._get_config(ident)\n        if isinstance(config, unicode):\n            config = config.encode(&amp;quot;ascii&amp;quot;)\n&amp;gt;       hash = _bcrypt.hashpw(secret, config)\n               ^^^^^^^^^^^^^^^^^^^^^^^^^^^^^^\nE       ValueError: password cannot be longer than 72 bytes, truncate manually if necessary (e.g. my_password[:72])\n\nfull-project\\backend\\backendvenv\\Lib\\site-packages\\passlib\\handlers\\bcrypt.py:655: ValueError\n\n------------------------------ Captured log call -------------------------------\nWARNING  passlib.handlers.bcrypt:bcrypt.py:622 (trapped) error reading bcrypt version\nTraceback (most recent call last):\n  File &amp;quot;C:\\Users\\somto\\OneDrive - Lancaster University\\UBC work\\Software engineering\\310-COSC\\full-project\\backend\\backendvenv\\Lib\\site-packages\\passlib\\handlers\\bcrypt.py&amp;quot;, line 620, in _load_backend_mixin\n    version = _bcrypt.__about__.__version__\n              ^^^^^^^^^^^^^^^^^\nAttributeError: module &amp;#x27;bcrypt&amp;#x27; has no attribute &amp;#x27;__about__&amp;#x27;\n\n&#34;}], &#34;full-project/backend/app/utilities/test_security.py::test_verify_password_correct_match&#34;: [{&#34;extras&#34;: [], &#34;result&#34;: &#34;Failed&#34;, &#34;testId&#34;: &#34;full-project/backend/app/utilities/test_security.py::test_verify_password_correct_match&#34;, &#34;duration&#34;: &#34;7 ms&#34;, &#34;resultsTableRow&#34;: [&#34;&lt;td class=\&#34;col-result\&#34;&gt;Failed&lt;/td&gt;&#34;, &#34;&lt;td class=\&#34;col-testId\&#34;&gt;full-project/backend/app/utilities/test_security.py::test_verify_password_correct_match&lt;/td&gt;&#34;, &#34;&lt;td class=\&#34;col-duration\&#34;&gt;7 ms&lt;/td&gt;&#34;, &#34;&lt;td class=\&#34;col-links\&#34;&gt;&lt;/td&gt;&#34;], &#34;log&#34;: &#34;def test_verify_password_correct_match():\n        plain_pw = &amp;quot;mypassword&amp;quot;\n&amp;gt;       hashed_pw = hashPassword(plain_pw)\n                    ^^^^^^^^^^^^^^^^^^^^^^\n\nfull-project\\backend\\app\\utilities\\test_security.py:23: \n_ _ _ _ _ _ _ _ _ _ _ _ _ _ _ _ _ _ _ _ _ _ _ _ _ _ _ _ _ _ _ _ \nfull-project\\backend\\app\\utilities\\security.py:19: in hashPassword\n    return pwdContext.hash(password)\n           ^^^^^^^^^^^^^^^^^^^^^^^^^\nfull-project\\backend\\backendvenv\\Lib\\site-packages\\passlib\\context.py:2258: in hash\n    return record.hash(secret, **kwds)\n           ^^^^^^^^^^^^^^^^^^^^^^^^^^^\nfull-project\\backend\\backendvenv\\Lib\\site-packages\\passlib\\utils\\handlers.py:779: in hash\n    self.checksum = self._calc_checksum(secret)\n                    ^^^^^^^^^^^^^^^^^^^^^^^^^^^\nfull-project\\backend\\backendvenv\\Lib\\site-packages\\passlib\\handlers\\bcrypt.py:591: in _calc_checksum\n    self._stub_requires_backend()\nfull-project\\backend\\backendvenv\\Lib\\site-packages\\passlib\\utils\\handlers.py:2254: in _stub_requires_backend\n    cls.set_backend()\nfull-project\\backend\\backendvenv\\Lib\\site-packages\\passlib\\utils\\handlers.py:2156: in set_backend\n    return owner.set_backend(name, dryrun=dryrun)\n           ^^^^^^^^^^^^^^^^^^^^^^^^^^^^^^^^^^^^^^\nfull-project\\backend\\backendvenv\\Lib\\site-packages\\passlib\\utils\\handlers.py:2163: in set_backend\n    return cls.set_backend(name, dryrun=dryrun)\n           ^^^^^^^^^^^^^^^^^^^^^^^^^^^^^^^^^^^^\nfull-project\\backend\\backendvenv\\Lib\\site-packages\\passlib\\utils\\handlers.py:2188: in set_backend\n    cls._set_backend(name, dryrun)\nfull-project\\backend\\backendvenv\\Lib\\site-packages\\passlib\\utils\\handlers.py:2311: in _set_backend\n    super(SubclassBackendMixin, cls)._set_backend(name, dryrun)\nfull-project\\backend\\backendvenv\\Lib\\site-packages\\passlib\\utils\\handlers.py:2224: in _set_backend\n    ok = loader(**kwds)\n         ^^^^^^^^^^^^^^\nfull-project\\backend\\backendvenv\\Lib\\site-packages\\passlib\\handlers\\bcrypt.py:626: in _load_backend_mixin\n    return mixin_cls._finalize_backend_mixin(name, dryrun)\n           ^^^^^^^^^^^^^^^^^^^^^^^^^^^^^^^^^^^^^^^^^^^^^^^\nfull-project\\backend\\backendvenv\\Lib\\site-packages\\passlib\\handlers\\bcrypt.py:421: in _finalize_backend_mixin\n    if detect_wrap_bug(IDENT_2A):\n       ^^^^^^^^^^^^^^^^^^^^^^^^^\nfull-project\\backend\\backendvenv\\Lib\\site-packages\\passlib\\handlers\\bcrypt.py:380: in detect_wrap_bug\n    if verify(secret, bug_hash):\n       ^^^^^^^^^^^^^^^^^^^^^^^^\nfull-project\\backend\\backendvenv\\Lib\\site-packages\\passlib\\utils\\handlers.py:792: in verify\n    return consteq(self._calc_checksum(secret), chk)\n                   ^^^^^^^^^^^^^^^^^^^^^^^^^^^\n_ _ _ _ _ _ _ _ _ _ _ _ _ _ _ _ _ _ _ _ _ _ _ _ _ _ _ _ _ _ _ _ \n\nself = &amp;lt;passlib.handlers.bcrypt._BcryptBackend object at 0x00000164E9FE8F50&amp;gt;\nsecret = b&amp;#x27;01234567890123456789012345678901234567890123456789012345678901234567890123456789012345678901234567890123456789012345...7890123456789012345678901234567890123456789012345678901234567890123456789012345678901234567890123456789012345678901234&amp;#x27;\n\n    def _calc_checksum(self, secret):\n        # bcrypt behavior:\n        #   secret must be bytes\n        #   config must be ascii bytes\n        #   returns ascii bytes\n        secret, ident = self._prepare_digest_args(secret)\n        config = self._get_config(ident)\n        if isinstance(config, unicode):\n            config = config.encode(&amp;quot;ascii&amp;quot;)\n&amp;gt;       hash = _bcrypt.hashpw(secret, config)\n               ^^^^^^^^^^^^^^^^^^^^^^^^^^^^^^\nE       ValueError: password cannot be longer than 72 bytes, truncate manually if necessary (e.g. my_password[:72])\n\nfull-project\\backend\\backendvenv\\Lib\\site-packages\\passlib\\handlers\\bcrypt.py:655: ValueError\n\n------------------------------ Captured log call -------------------------------\nWARNING  passlib.handlers.bcrypt:bcrypt.py:622 (trapped) error reading bcrypt version\nTraceback (most recent call last):\n  File &amp;quot;C:\\Users\\somto\\OneDrive - Lancaster University\\UBC work\\Software engineering\\310-COSC\\full-project\\backend\\backendvenv\\Lib\\site-packages\\passlib\\handlers\\bcrypt.py&amp;quot;, line 620, in _load_backend_mixin\n    version = _bcrypt.__about__.__version__\n              ^^^^^^^^^^^^^^^^^\nAttributeError: module &amp;#x27;bcrypt&amp;#x27; has no attribute &amp;#x27;__about__&amp;#x27;\n\n&#34;}], &#34;full-project/backend/app/utilities/test_security.py::test_verify_password_incorrect_match&#34;: [{&#34;extras&#34;: [], &#34;result&#34;: &#34;Failed&#34;, &#34;testId&#34;: &#34;full-project/backend/app/utilities/test_security.py::test_verify_password_incorrect_match&#34;, &#34;duration&#34;: &#34;6 ms&#34;, &#34;resultsTableRow&#34;: [&#34;&lt;td class=\&#34;col-result\&#34;&gt;Failed&lt;/td&gt;&#34;, &#34;&lt;td class=\&#34;col-testId\&#34;&gt;full-project/backend/app/utilities/test_security.py::test_verify_password_incorrect_match&lt;/td&gt;&#34;, &#34;&lt;td class=\&#34;col-duration\&#34;&gt;6 ms&lt;/td&gt;&#34;, &#34;&lt;td class=\&#34;col-links\&#34;&gt;&lt;/td&gt;&#34;], &#34;log&#34;: &#34;def test_verify_password_incorrect_match():\n        plain_pw = &amp;quot;mypassword&amp;quot;\n&amp;gt;       hashed_pw = hashPassword(plain_pw)\n                    ^^^^^^^^^^^^^^^^^^^^^^\n\nfull-project\\backend\\app\\utilities\\test_security.py:31: \n_ _ _ _ _ _ _ _ _ _ _ _ _ _ _ _ _ _ _ _ _ _ _ _ _ _ _ _ _ _ _ _ \nfull-project\\backend\\app\\utilities\\security.py:19: in hashPassword\n    return pwdContext.hash(password)\n           ^^^^^^^^^^^^^^^^^^^^^^^^^\nfull-project\\backend\\backendvenv\\Lib\\site-packages\\passlib\\context.py:2258: in hash\n    return record.hash(secret, **kwds)\n           ^^^^^^^^^^^^^^^^^^^^^^^^^^^\nfull-project\\backend\\backendvenv\\Lib\\site-packages\\passlib\\utils\\handlers.py:779: in hash\n    self.checksum = self._calc_checksum(secret)\n                    ^^^^^^^^^^^^^^^^^^^^^^^^^^^\nfull-project\\backend\\backendvenv\\Lib\\site-packages\\passlib\\handlers\\bcrypt.py:591: in _calc_checksum\n    self._stub_requires_backend()\nfull-project\\backend\\backendvenv\\Lib\\site-packages\\passlib\\utils\\handlers.py:2254: in _stub_requires_backend\n    cls.set_backend()\nfull-project\\backend\\backendvenv\\Lib\\site-packages\\passlib\\utils\\handlers.py:2156: in set_backend\n    return owner.set_backend(name, dryrun=dryrun)\n           ^^^^^^^^^^^^^^^^^^^^^^^^^^^^^^^^^^^^^^\nfull-project\\backend\\backendvenv\\Lib\\site-packages\\passlib\\utils\\handlers.py:2163: in set_backend\n    return cls.set_backend(name, dryrun=dryrun)\n           ^^^^^^^^^^^^^^^^^^^^^^^^^^^^^^^^^^^^\nfull-project\\backend\\backendvenv\\Lib\\site-packages\\passlib\\utils\\handlers.py:2188: in set_backend\n    cls._set_backend(name, dryrun)\nfull-project\\backend\\backendvenv\\Lib\\site-packages\\passlib\\utils\\handlers.py:2311: in _set_backend\n    super(SubclassBackendMixin, cls)._set_backend(name, dryrun)\nfull-project\\backend\\backendvenv\\Lib\\site-packages\\passlib\\utils\\handlers.py:2224: in _set_backend\n    ok = loader(**kwds)\n         ^^^^^^^^^^^^^^\nfull-project\\backend\\backendvenv\\Lib\\site-packages\\passlib\\handlers\\bcrypt.py:626: in _load_backend_mixin\n    return mixin_cls._finalize_backend_mixin(name, dryrun)\n           ^^^^^^^^^^^^^^^^^^^^^^^^^^^^^^^^^^^^^^^^^^^^^^^\nfull-project\\backend\\backendvenv\\Lib\\site-packages\\passlib\\handlers\\bcrypt.py:421: in _finalize_backend_mixin\n    if detect_wrap_bug(IDENT_2A):\n       ^^^^^^^^^^^^^^^^^^^^^^^^^\nfull-project\\backend\\backendvenv\\Lib\\site-packages\\passlib\\handlers\\bcrypt.py:380: in detect_wrap_bug\n    if verify(secret, bug_hash):\n       ^^^^^^^^^^^^^^^^^^^^^^^^\nfull-project\\backend\\backendvenv\\Lib\\site-packages\\passlib\\utils\\handlers.py:792: in verify\n    return consteq(self._calc_checksum(secret), chk)\n                   ^^^^^^^^^^^^^^^^^^^^^^^^^^^\n_ _ _ _ _ _ _ _ _ _ _ _ _ _ _ _ _ _ _ _ _ _ _ _ _ _ _ _ _ _ _ _ \n\nself = &amp;lt;passlib.handlers.bcrypt._BcryptBackend object at 0x00000164E9A8D690&amp;gt;\nsecret = b&amp;#x27;01234567890123456789012345678901234567890123456789012345678901234567890123456789012345678901234567890123456789012345...7890123456789012345678901234567890123456789012345678901234567890123456789012345678901234567890123456789012345678901234&amp;#x27;\n\n    def _calc_checksum(self, secret):\n        # bcrypt behavior:\n        #   secret must be bytes\n        #   config must be ascii bytes\n        #   returns ascii bytes\n        secret, ident = self._prepare_digest_args(secret)\n        config = self._get_config(ident)\n        if isinstance(config, unicode):\n            config = config.encode(&amp;quot;ascii&amp;quot;)\n&amp;gt;       hash = _bcrypt.hashpw(secret, config)\n               ^^^^^^^^^^^^^^^^^^^^^^^^^^^^^^\nE       ValueError: password cannot be longer than 72 bytes, truncate manually if necessary (e.g. my_password[:72])\n\nfull-project\\backend\\backendvenv\\Lib\\site-packages\\passlib\\handlers\\bcrypt.py:655: ValueError\n\n------------------------------ Captured log call -------------------------------\nWARNING  passlib.handlers.bcrypt:bcrypt.py:622 (trapped) error reading bcrypt version\nTraceback (most recent call last):\n  File &amp;quot;C:\\Users\\somto\\OneDrive - Lancaster University\\UBC work\\Software engineering\\310-COSC\\full-project\\backend\\backendvenv\\Lib\\site-packages\\passlib\\handlers\\bcrypt.py&amp;quot;, line 620, in _load_backend_mixin\n    version = _bcrypt.__about__.__version__\n              ^^^^^^^^^^^^^^^^^\nAttributeError: module &amp;#x27;bcrypt&amp;#x27; has no attribute &amp;#x27;__about__&amp;#x27;\n\n&#34;}], &#34;full-project/backend/app/utilities/test_security.py::test_hashing_same_password_twice_is_different&#34;: [{&#34;extras&#34;: [], &#34;result&#34;: &#34;Failed&#34;, &#34;testId&#34;: &#34;full-project/backend/app/utilities/test_security.py::test_hashing_same_password_twice_is_different&#34;, &#34;duration&#34;: &#34;8 ms&#34;, &#34;resultsTableRow&#34;: [&#34;&lt;td class=\&#34;col-result\&#34;&gt;Failed&lt;/td&gt;&#34;, &#34;&lt;td class=\&#34;col-testId\&#34;&gt;full-project/backend/app/utilities/test_security.py::test_hashing_same_password_twice_is_different&lt;/td&gt;&#34;, &#34;&lt;td class=\&#34;col-duration\&#34;&gt;8 ms&lt;/td&gt;&#34;, &#34;&lt;td class=\&#34;col-links\&#34;&gt;&lt;/td&gt;&#34;], &#34;log&#34;: &#34;def test_hashing_same_password_twice_is_different():\n        pw = &amp;quot;repeatpass&amp;quot;\n&amp;gt;       hash1 = hashPassword(pw)\n                ^^^^^^^^^^^^^^^^\n\nfull-project\\backend\\app\\utilities\\test_security.py:39: \n_ _ _ _ _ _ _ _ _ _ _ _ _ _ _ _ _ _ _ _ _ _ _ _ _ _ _ _ _ _ _ _ \nfull-project\\backend\\app\\utilities\\security.py:19: in hashPassword\n    return pwdContext.hash(password)\n           ^^^^^^^^^^^^^^^^^^^^^^^^^\nfull-project\\backend\\backendvenv\\Lib\\site-packages\\passlib\\context.py:2258: in hash\n    return record.hash(secret, **kwds)\n           ^^^^^^^^^^^^^^^^^^^^^^^^^^^\nfull-project\\backend\\backendvenv\\Lib\\site-packages\\passlib\\utils\\handlers.py:779: in hash\n    self.checksum = self._calc_checksum(secret)\n                    ^^^^^^^^^^^^^^^^^^^^^^^^^^^\nfull-project\\backend\\backendvenv\\Lib\\site-packages\\passlib\\handlers\\bcrypt.py:591: in _calc_checksum\n    self._stub_requires_backend()\nfull-project\\backend\\backendvenv\\Lib\\site-packages\\passlib\\utils\\handlers.py:2254: in _stub_requires_backend\n    cls.set_backend()\nfull-project\\backend\\backendvenv\\Lib\\site-packages\\passlib\\utils\\handlers.py:2156: in set_backend\n    return owner.set_backend(name, dryrun=dryrun)\n           ^^^^^^^^^^^^^^^^^^^^^^^^^^^^^^^^^^^^^^\nfull-project\\backend\\backendvenv\\Lib\\site-packages\\passlib\\utils\\handlers.py:2163: in set_backend\n    return cls.set_backend(name, dryrun=dryrun)\n           ^^^^^^^^^^^^^^^^^^^^^^^^^^^^^^^^^^^^\nfull-project\\backend\\backendvenv\\Lib\\site-packages\\passlib\\utils\\handlers.py:2188: in set_backend\n    cls._set_backend(name, dryrun)\nfull-project\\backend\\backendvenv\\Lib\\site-packages\\passlib\\utils\\handlers.py:2311: in _set_backend\n    super(SubclassBackendMixin, cls)._set_backend(name, dryrun)\nfull-project\\backend\\backendvenv\\Lib\\site-packages\\passlib\\utils\\handlers.py:2224: in _set_backend\n    ok = loader(**kwds)\n         ^^^^^^^^^^^^^^\nfull-project\\backend\\backendvenv\\Lib\\site-packages\\passlib\\handlers\\bcrypt.py:626: in _load_backend_mixin\n    return mixin_cls._finalize_backend_mixin(name, dryrun)\n           ^^^^^^^^^^^^^^^^^^^^^^^^^^^^^^^^^^^^^^^^^^^^^^^\nfull-project\\backend\\backendvenv\\Lib\\site-packages\\passlib\\handlers\\bcrypt.py:421: in _finalize_backend_mixin\n    if detect_wrap_bug(IDENT_2A):\n       ^^^^^^^^^^^^^^^^^^^^^^^^^\nfull-project\\backend\\backendvenv\\Lib\\site-packages\\passlib\\handlers\\bcrypt.py:380: in detect_wrap_bug\n    if verify(secret, bug_hash):\n       ^^^^^^^^^^^^^^^^^^^^^^^^\nfull-project\\backend\\backendvenv\\Lib\\site-packages\\passlib\\utils\\handlers.py:792: in verify\n    return consteq(self._calc_checksum(secret), chk)\n                   ^^^^^^^^^^^^^^^^^^^^^^^^^^^\n_ _ _ _ _ _ _ _ _ _ _ _ _ _ _ _ _ _ _ _ _ _ _ _ _ _ _ _ _ _ _ _ \n\nself = &amp;lt;passlib.handlers.bcrypt._BcryptBackend object at 0x00000164E9A41490&amp;gt;\nsecret = b&amp;#x27;01234567890123456789012345678901234567890123456789012345678901234567890123456789012345678901234567890123456789012345...7890123456789012345678901234567890123456789012345678901234567890123456789012345678901234567890123456789012345678901234&amp;#x27;\n\n    def _calc_checksum(self, secret):\n        # bcrypt behavior:\n        #   secret must be bytes\n        #   config must be ascii bytes\n        #   returns ascii bytes\n        secret, ident = self._prepare_digest_args(secret)\n        config = self._get_config(ident)\n        if isinstance(config, unicode):\n            config = config.encode(&amp;quot;ascii&amp;quot;)\n&amp;gt;       hash = _bcrypt.hashpw(secret, config)\n               ^^^^^^^^^^^^^^^^^^^^^^^^^^^^^^\nE       ValueError: password cannot be longer than 72 bytes, truncate manually if necessary (e.g. my_password[:72])\n\nfull-project\\backend\\backendvenv\\Lib\\site-packages\\passlib\\handlers\\bcrypt.py:655: ValueError\n\n------------------------------ Captured log call -------------------------------\nWARNING  passlib.handlers.bcrypt:bcrypt.py:622 (trapped) error reading bcrypt version\nTraceback (most recent call last):\n  File &amp;quot;C:\\Users\\somto\\OneDrive - Lancaster University\\UBC work\\Software engineering\\310-COSC\\full-project\\backend\\backendvenv\\Lib\\site-packages\\passlib\\handlers\\bcrypt.py&amp;quot;, line 620, in _load_backend_mixin\n    version = _bcrypt.__about__.__version__\n              ^^^^^^^^^^^^^^^^^\nAttributeError: module &amp;#x27;bcrypt&amp;#x27; has no attribute &amp;#x27;__about__&amp;#x27;\n\n&#34;}]}, &#34;renderCollapsed&#34;: [&#34;passed&#34;], &#34;initialSort&#34;: &#34;result&#34;, &#34;title&#34;: &#34;report.html&#34;}"></div>
    <script>
      (function(){function r(e,n,t){function o(i,f){if(!n[i]){if(!e[i]){var c="function"==typeof require&&require;if(!f&&c)return c(i,!0);if(u)return u(i,!0);var a=new Error("Cannot find module '"+i+"'");throw a.code="MODULE_NOT_FOUND",a}var p=n[i]={exports:{}};e[i][0].call(p.exports,function(r){var n=e[i][1][r];return o(n||r)},p,p.exports,r,e,n,t)}return n[i].exports}for(var u="function"==typeof require&&require,i=0;i<t.length;i++)o(t[i]);return o}return r})()({1:[function(require,module,exports){
const { getCollapsedCategory, setCollapsedIds } = require('./storage.js')

class DataManager {
    setManager(data) {
        const collapsedCategories = [...getCollapsedCategory(data.renderCollapsed)]
        const collapsedIds = []
        const tests = Object.values(data.tests).flat().map((test, index) => {
            const collapsed = collapsedCategories.includes(test.result.toLowerCase())
            const id = `test_${index}`
            if (collapsed) {
                collapsedIds.push(id)
            }
            return {
                ...test,
                id,
                collapsed,
            }
        })
        const dataBlob = { ...data, tests }
        this.data = { ...dataBlob }
        this.renderData = { ...dataBlob }
        setCollapsedIds(collapsedIds)
    }

    get allData() {
        return { ...this.data }
    }

    resetRender() {
        this.renderData = { ...this.data }
    }

    setRender(data) {
        this.renderData.tests = [...data]
    }

    toggleCollapsedItem(id) {
        this.renderData.tests = this.renderData.tests.map((test) =>
            test.id === id ? { ...test, collapsed: !test.collapsed } : test,
        )
    }

    set allCollapsed(collapsed) {
        this.renderData = { ...this.renderData, tests: [...this.renderData.tests.map((test) => (
            { ...test, collapsed }
        ))] }
    }

    get testSubset() {
        return [...this.renderData.tests]
    }

    get environment() {
        return this.renderData.environment
    }

    get initialSort() {
        return this.data.initialSort
    }
}

module.exports = {
    manager: new DataManager(),
}

},{"./storage.js":8}],2:[function(require,module,exports){
const mediaViewer = require('./mediaviewer.js')
const templateEnvRow = document.getElementById('template_environment_row')
const templateResult = document.getElementById('template_results-table__tbody')

function htmlToElements(html) {
    const temp = document.createElement('template')
    temp.innerHTML = html
    return temp.content.childNodes
}

const find = (selector, elem) => {
    if (!elem) {
        elem = document
    }
    return elem.querySelector(selector)
}

const findAll = (selector, elem) => {
    if (!elem) {
        elem = document
    }
    return [...elem.querySelectorAll(selector)]
}

const dom = {
    getStaticRow: (key, value) => {
        const envRow = templateEnvRow.content.cloneNode(true)
        const isObj = typeof value === 'object' && value !== null
        const values = isObj ? Object.keys(value).map((k) => `${k}: ${value[k]}`) : null

        const valuesElement = htmlToElements(
            values ? `<ul>${values.map((val) => `<li>${val}</li>`).join('')}<ul>` : `<div>${value}</div>`)[0]
        const td = findAll('td', envRow)
        td[0].textContent = key
        td[1].appendChild(valuesElement)

        return envRow
    },
    getResultTBody: ({ testId, id, log, extras, resultsTableRow, tableHtml, result, collapsed }) => {
        const resultBody = templateResult.content.cloneNode(true)
        resultBody.querySelector('tbody').classList.add(result.toLowerCase())
        resultBody.querySelector('tbody').id = testId
        resultBody.querySelector('.collapsible').dataset.id = id

        resultsTableRow.forEach((html) => {
            const t = document.createElement('template')
            t.innerHTML = html
            resultBody.querySelector('.collapsible').appendChild(t.content)
        })

        if (log) {
            // Wrap lines starting with "E" with span.error to color those lines red
            const wrappedLog = log.replace(/^E.*$/gm, (match) => `<span class="error">${match}</span>`)
            resultBody.querySelector('.log').innerHTML = wrappedLog
        } else {
            resultBody.querySelector('.log').remove()
        }

        if (collapsed) {
            resultBody.querySelector('.collapsible > td')?.classList.add('collapsed')
            resultBody.querySelector('.extras-row').classList.add('hidden')
        } else {
            resultBody.querySelector('.collapsible > td')?.classList.remove('collapsed')
        }

        const media = []
        extras?.forEach(({ name, format_type, content }) => {
            if (['image', 'video'].includes(format_type)) {
                media.push({ path: content, name, format_type })
            }

            if (format_type === 'html') {
                resultBody.querySelector('.extraHTML').insertAdjacentHTML('beforeend', `<div>${content}</div>`)
            }
        })
        mediaViewer.setup(resultBody, media)

        // Add custom html from the pytest_html_results_table_html hook
        tableHtml?.forEach((item) => {
            resultBody.querySelector('td[class="extra"]').insertAdjacentHTML('beforeend', item)
        })

        return resultBody
    },
}

module.exports = {
    dom,
    htmlToElements,
    find,
    findAll,
}

},{"./mediaviewer.js":6}],3:[function(require,module,exports){
const { manager } = require('./datamanager.js')
const { doSort } = require('./sort.js')
const storageModule = require('./storage.js')

const getFilteredSubSet = (filter) =>
    manager.allData.tests.filter(({ result }) => filter.includes(result.toLowerCase()))

const doInitFilter = () => {
    const currentFilter = storageModule.getVisible()
    const filteredSubset = getFilteredSubSet(currentFilter)
    manager.setRender(filteredSubset)
}

const doFilter = (type, show) => {
    if (show) {
        storageModule.showCategory(type)
    } else {
        storageModule.hideCategory(type)
    }

    const currentFilter = storageModule.getVisible()
    const filteredSubset = getFilteredSubSet(currentFilter)
    manager.setRender(filteredSubset)

    const sortColumn = storageModule.getSort()
    doSort(sortColumn, true)
}

module.exports = {
    doFilter,
    doInitFilter,
}

},{"./datamanager.js":1,"./sort.js":7,"./storage.js":8}],4:[function(require,module,exports){
const { redraw, bindEvents, renderStatic } = require('./main.js')
const { doInitFilter } = require('./filter.js')
const { doInitSort } = require('./sort.js')
const { manager } = require('./datamanager.js')
const data = JSON.parse(document.getElementById('data-container').dataset.jsonblob)

function init() {
    manager.setManager(data)
    doInitFilter()
    doInitSort()
    renderStatic()
    redraw()
    bindEvents()
}

init()

},{"./datamanager.js":1,"./filter.js":3,"./main.js":5,"./sort.js":7}],5:[function(require,module,exports){
const { dom, find, findAll } = require('./dom.js')
const { manager } = require('./datamanager.js')
const { doSort } = require('./sort.js')
const { doFilter } = require('./filter.js')
const {
    getVisible,
    getCollapsedIds,
    setCollapsedIds,
    getSort,
    getSortDirection,
    possibleFilters,
} = require('./storage.js')

const removeChildren = (node) => {
    while (node.firstChild) {
        node.removeChild(node.firstChild)
    }
}

const renderStatic = () => {
    const renderEnvironmentTable = () => {
        const environment = manager.environment
        const rows = Object.keys(environment).map((key) => dom.getStaticRow(key, environment[key]))
        const table = document.getElementById('environment')
        removeChildren(table)
        rows.forEach((row) => table.appendChild(row))
    }
    renderEnvironmentTable()
}

const addItemToggleListener = (elem) => {
    elem.addEventListener('click', ({ target }) => {
        const id = target.parentElement.dataset.id
        manager.toggleCollapsedItem(id)

        const collapsedIds = getCollapsedIds()
        if (collapsedIds.includes(id)) {
            const updated = collapsedIds.filter((item) => item !== id)
            setCollapsedIds(updated)
        } else {
            collapsedIds.push(id)
            setCollapsedIds(collapsedIds)
        }
        redraw()
    })
}

const renderContent = (tests) => {
    const sortAttr = getSort(manager.initialSort)
    const sortAsc = JSON.parse(getSortDirection())
    const rows = tests.map(dom.getResultTBody)
    const table = document.getElementById('results-table')
    const tableHeader = document.getElementById('results-table-head')

    const newTable = document.createElement('table')
    newTable.id = 'results-table'

    // remove all sorting classes and set the relevant
    findAll('.sortable', tableHeader).forEach((elem) => elem.classList.remove('asc', 'desc'))
    tableHeader.querySelector(`.sortable[data-column-type="${sortAttr}"]`)?.classList.add(sortAsc ? 'desc' : 'asc')
    newTable.appendChild(tableHeader)

    if (!rows.length) {
        const emptyTable = document.getElementById('template_results-table__body--empty').content.cloneNode(true)
        newTable.appendChild(emptyTable)
    } else {
        rows.forEach((row) => {
            if (!!row) {
                findAll('.collapsible td:not(.col-links', row).forEach(addItemToggleListener)
                find('.logexpander', row).addEventListener('click',
                    (evt) => evt.target.parentNode.classList.toggle('expanded'),
                )
                newTable.appendChild(row)
            }
        })
    }

    table.replaceWith(newTable)
}

const renderDerived = () => {
    const currentFilter = getVisible()
    possibleFilters.forEach((result) => {
        const input = document.querySelector(`input[data-test-result="${result}"]`)
        input.checked = currentFilter.includes(result)
    })
}

const bindEvents = () => {
    const filterColumn = (evt) => {
        const { target: element } = evt
        const { testResult } = element.dataset

        doFilter(testResult, element.checked)
        const collapsedIds = getCollapsedIds()
        const updated = manager.renderData.tests.map((test) => {
            return {
                ...test,
                collapsed: collapsedIds.includes(test.id),
            }
        })
        manager.setRender(updated)
        redraw()
    }

    const header = document.getElementById('environment-header')
    header.addEventListener('click', () => {
        const table = document.getElementById('environment')
        table.classList.toggle('hidden')
        header.classList.toggle('collapsed')
    })

    findAll('input[name="filter_checkbox"]').forEach((elem) => {
        elem.addEventListener('click', filterColumn)
    })

    findAll('.sortable').forEach((elem) => {
        elem.addEventListener('click', (evt) => {
            const { target: element } = evt
            const { columnType } = element.dataset
            doSort(columnType)
            redraw()
        })
    })

    document.getElementById('show_all_details').addEventListener('click', () => {
        manager.allCollapsed = false
        setCollapsedIds([])
        redraw()
    })
    document.getElementById('hide_all_details').addEventListener('click', () => {
        manager.allCollapsed = true
        const allIds = manager.renderData.tests.map((test) => test.id)
        setCollapsedIds(allIds)
        redraw()
    })
}

const redraw = () => {
    const { testSubset } = manager

    renderContent(testSubset)
    renderDerived()
}

module.exports = {
    redraw,
    bindEvents,
    renderStatic,
}

},{"./datamanager.js":1,"./dom.js":2,"./filter.js":3,"./sort.js":7,"./storage.js":8}],6:[function(require,module,exports){
class MediaViewer {
    constructor(assets) {
        this.assets = assets
        this.index = 0
    }

    nextActive() {
        this.index = this.index === this.assets.length - 1 ? 0 : this.index + 1
        return [this.activeFile, this.index]
    }

    prevActive() {
        this.index = this.index === 0 ? this.assets.length - 1 : this.index -1
        return [this.activeFile, this.index]
    }

    get currentIndex() {
        return this.index
    }

    get activeFile() {
        return this.assets[this.index]
    }
}


const setup = (resultBody, assets) => {
    if (!assets.length) {
        resultBody.querySelector('.media').classList.add('hidden')
        return
    }

    const mediaViewer = new MediaViewer(assets)
    const container = resultBody.querySelector('.media-container')
    const leftArrow = resultBody.querySelector('.media-container__nav--left')
    const rightArrow = resultBody.querySelector('.media-container__nav--right')
    const mediaName = resultBody.querySelector('.media__name')
    const counter = resultBody.querySelector('.media__counter')
    const imageEl = resultBody.querySelector('img')
    const sourceEl = resultBody.querySelector('source')
    const videoEl = resultBody.querySelector('video')

    const setImg = (media, index) => {
        if (media?.format_type === 'image') {
            imageEl.src = media.path

            imageEl.classList.remove('hidden')
            videoEl.classList.add('hidden')
        } else if (media?.format_type === 'video') {
            sourceEl.src = media.path

            videoEl.classList.remove('hidden')
            imageEl.classList.add('hidden')
        }

        mediaName.innerText = media?.name
        counter.innerText = `${index + 1} / ${assets.length}`
    }
    setImg(mediaViewer.activeFile, mediaViewer.currentIndex)

    const moveLeft = () => {
        const [media, index] = mediaViewer.prevActive()
        setImg(media, index)
    }
    const doRight = () => {
        const [media, index] = mediaViewer.nextActive()
        setImg(media, index)
    }
    const openImg = () => {
        window.open(mediaViewer.activeFile.path, '_blank')
    }
    if (assets.length === 1) {
        container.classList.add('media-container--fullscreen')
    } else {
        leftArrow.addEventListener('click', moveLeft)
        rightArrow.addEventListener('click', doRight)
    }
    imageEl.addEventListener('click', openImg)
}

module.exports = {
    setup,
}

},{}],7:[function(require,module,exports){
const { manager } = require('./datamanager.js')
const storageModule = require('./storage.js')

const genericSort = (list, key, ascending, customOrder) => {
    let sorted
    if (customOrder) {
        sorted = list.sort((a, b) => {
            const aValue = a.result.toLowerCase()
            const bValue = b.result.toLowerCase()

            const aIndex = customOrder.findIndex((item) => item.toLowerCase() === aValue)
            const bIndex = customOrder.findIndex((item) => item.toLowerCase() === bValue)

            // Compare the indices to determine the sort order
            return aIndex - bIndex
        })
    } else {
        sorted = list.sort((a, b) => a[key] === b[key] ? 0 : a[key] > b[key] ? 1 : -1)
    }

    if (ascending) {
        sorted.reverse()
    }
    return sorted
}

const durationSort = (list, ascending) => {
    const parseDuration = (duration) => {
        if (duration.includes(':')) {
            // If it's in the format "HH:mm:ss"
            const [hours, minutes, seconds] = duration.split(':').map(Number)
            return (hours * 3600 + minutes * 60 + seconds) * 1000
        } else {
            // If it's in the format "nnn ms"
            return parseInt(duration)
        }
    }
    const sorted = list.sort((a, b) => parseDuration(a['duration']) - parseDuration(b['duration']))
    if (ascending) {
        sorted.reverse()
    }
    return sorted
}

const doInitSort = () => {
    const type = storageModule.getSort(manager.initialSort)
    const ascending = storageModule.getSortDirection()
    const list = manager.testSubset
    const initialOrder = ['Error', 'Failed', 'Rerun', 'XFailed', 'XPassed', 'Skipped', 'Passed']

    storageModule.setSort(type)
    storageModule.setSortDirection(ascending)

    if (type?.toLowerCase() === 'original') {
        manager.setRender(list)
    } else {
        let sortedList
        switch (type) {
        case 'duration':
            sortedList = durationSort(list, ascending)
            break
        case 'result':
            sortedList = genericSort(list, type, ascending, initialOrder)
            break
        default:
            sortedList = genericSort(list, type, ascending)
            break
        }
        manager.setRender(sortedList)
    }
}

const doSort = (type, skipDirection) => {
    const newSortType = storageModule.getSort(manager.initialSort) !== type
    const currentAsc = storageModule.getSortDirection()
    let ascending
    if (skipDirection) {
        ascending = currentAsc
    } else {
        ascending = newSortType ? false : !currentAsc
    }
    storageModule.setSort(type)
    storageModule.setSortDirection(ascending)

    const list = manager.testSubset
    const sortedList = type === 'duration' ? durationSort(list, ascending) : genericSort(list, type, ascending)
    manager.setRender(sortedList)
}

module.exports = {
    doInitSort,
    doSort,
}

},{"./datamanager.js":1,"./storage.js":8}],8:[function(require,module,exports){
const possibleFilters = [
    'passed',
    'skipped',
    'failed',
    'error',
    'xfailed',
    'xpassed',
    'rerun',
]

const getVisible = () => {
    const url = new URL(window.location.href)
    const settings = new URLSearchParams(url.search).get('visible')
    const lower = (item) => {
        const lowerItem = item.toLowerCase()
        if (possibleFilters.includes(lowerItem)) {
            return lowerItem
        }
        return null
    }
    return settings === null ?
        possibleFilters :
        [...new Set(settings?.split(',').map(lower).filter((item) => item))]
}

const hideCategory = (categoryToHide) => {
    const url = new URL(window.location.href)
    const visibleParams = new URLSearchParams(url.search).get('visible')
    const currentVisible = visibleParams ? visibleParams.split(',') : [...possibleFilters]
    const settings = [...new Set(currentVisible)].filter((f) => f !== categoryToHide).join(',')

    url.searchParams.set('visible', settings)
    window.history.pushState({}, null, unescape(url.href))
}

const showCategory = (categoryToShow) => {
    if (typeof window === 'undefined') {
        return
    }
    const url = new URL(window.location.href)
    const currentVisible = new URLSearchParams(url.search).get('visible')?.split(',').filter(Boolean) ||
        [...possibleFilters]
    const settings = [...new Set([categoryToShow, ...currentVisible])]
    const noFilter = possibleFilters.length === settings.length || !settings.length

    noFilter ? url.searchParams.delete('visible') : url.searchParams.set('visible', settings.join(','))
    window.history.pushState({}, null, unescape(url.href))
}

const getSort = (initialSort) => {
    const url = new URL(window.location.href)
    let sort = new URLSearchParams(url.search).get('sort')
    if (!sort) {
        sort = initialSort || 'result'
    }
    return sort
}

const setSort = (type) => {
    const url = new URL(window.location.href)
    url.searchParams.set('sort', type)
    window.history.pushState({}, null, unescape(url.href))
}

const getCollapsedCategory = (renderCollapsed) => {
    let categories
    if (typeof window !== 'undefined') {
        const url = new URL(window.location.href)
        const collapsedItems = new URLSearchParams(url.search).get('collapsed')
        switch (true) {
        case !renderCollapsed && collapsedItems === null:
            categories = ['passed']
            break
        case collapsedItems?.length === 0 || /^["']{2}$/.test(collapsedItems):
            categories = []
            break
        case /^all$/.test(collapsedItems) || collapsedItems === null && /^all$/.test(renderCollapsed):
            categories = [...possibleFilters]
            break
        default:
            categories = collapsedItems?.split(',').map((item) => item.toLowerCase()) || renderCollapsed
            break
        }
    } else {
        categories = []
    }
    return categories
}

const getSortDirection = () => JSON.parse(sessionStorage.getItem('sortAsc')) || false
const setSortDirection = (ascending) => sessionStorage.setItem('sortAsc', ascending)

const getCollapsedIds = () => JSON.parse(sessionStorage.getItem('collapsedIds')) || []
const setCollapsedIds = (list) => sessionStorage.setItem('collapsedIds', JSON.stringify(list))

module.exports = {
    getVisible,
    hideCategory,
    showCategory,
    getCollapsedIds,
    setCollapsedIds,
    getSort,
    setSort,
    getSortDirection,
    setSortDirection,
    getCollapsedCategory,
    possibleFilters,
}

},{}]},{},[4]);
    </script>
  </footer>
</html>